Rewriting system:
  ad ->= d
  bd ->= gd
  af ->= eb
  ag ->= fa
  be ->= fb
  bf ->= ga
  bg ->= gb
  ce |-> cb
  cf |-> caa
  cg |-> cab
CNF: 3023 variables, 12687 clauses (0.030 s)
SAT (Attempt 1, 0.078 s)

Matrix: dimension 4, input width 2, result width 2
[a]: /    1  \       / \
     |       |       | |
     |  1    | x  +  | |
     \1      /       \ /

[b]: /      1\       / \
     |       |       |1|
     |       | x  +  |1|
     \       /       \ /

[c]: /1 1    \       / \
     |       |       | |
     |       | x  +  | |
     \       /       \ /

[d]: /       \       / \
     |       |       | |
     |       | x  +  | |
     \       /       \ /

[e]: /       \       /1\
     |      1|       | |
     |       | x  +  | |
     \       /       \1/

[f]: /       \       /1\
     |  1    |       | |
     |       | x  +  |1|
     \       /       \ /

[g]: /       \       / \
     |       |       |1|
     |       | x  +  |1|
     \       /       \ /

[ad] ≥ [d]:   /       \       / \       /       \       / \
              |       |       | |       |       |       | |
              |       | x  +  | |   ≥   |       | x  +  | |
              \       /       \ /       \       /       \ /

[bd] ≥ [gd]:  /       \       / \       /       \       / \
              |       |       |1|       |       |       |1|
              |       | x  +  |1|   ≥   |       | x  +  |1|
              \       /       \ /       \       /       \ /

[af] ≥ [eb]:  /       \       /1\       /       \       /1\
              |       |       | |       |       |       | |
              |  1    | x  +  | |   ≥   |       | x  +  | |
              \       /       \1/       \       /       \1/

[ag] ≥ [fa]:  /       \       /1\       /       \       /1\
              |       |       | |       |       |       | |
              |       | x  +  |1|   ≥   |       | x  +  |1|
              \       /       \ /       \       /       \ /

[be] ≥ [fb]:  /       \       /1\       /       \       /1\
              |       |       |1|       |       |       |1|
              |       | x  +  |1|   ≥   |       | x  +  |1|
              \       /       \ /       \       /       \ /

[bf] ≥ [ga]:  /       \       / \       /       \       / \
              |       |       |1|       |       |       |1|
              |       | x  +  |1|   ≥   |       | x  +  |1|
              \       /       \ /       \       /       \ /

[bg] ≥ [gb]:  /       \       / \       /       \       / \
              |       |       |1|       |       |       |1|
              |       | x  +  |1|   ≥   |       | x  +  |1|
              \       /       \ /       \       /       \ /

[ce] ≥ [cb]:  /      1\       /1\       /      1\       /1\
              |       |       | |       |       |       | |
              |       | x  +  | |   ≥   |       | x  +  | |
              \       /       \ /       \       /       \ /

[cf] > [caa]: /  1    \       /1\       /  1    \       / \
              |       |       | |       |       |       | |
              |       | x  +  | |   >   |       | x  +  | |
              \       /       \ /       \       /       \ /

[cg] ≥ [cab]: /       \       /1\       /       \       /1\
              |       |       | |       |       |       | |
              |       | x  +  | |   ≥   |       | x  +  | |
              \       /       \ /       \       /       \ /

Relatively top-terminating rules:
  cf -> caa

Remaining strict rules:
  ce |-> cb
  cg |-> cab
CNF: 2734 variables, 11417 clauses (0.029 s)
SAT (Attempt 1, 0.008 s)

Matrix: dimension 4, input width 2, result width 2
[a]: /       \       /1\
     |       |       | |
     |       | x  +  |1|
     \1   1  /       \ /

[b]: /       \       / \
     |    1  |       | |
     |1      | x  +  | |
     \       /       \ /

[c]: /  1   1\       / \
     |       |       | |
     |       | x  +  | |
     \       /       \ /

[d]: /       \       / \
     |       |       | |
     |       | x  +  | |
     \       /       \ /

[e]: /       \       /1\
     |       |       | |
     |       | x  +  | |
     \    1  /       \1/

[f]: /1      \       / \
     |       |       | |
     |       | x  +  |1|
     \       /       \ /

[g]: /       \       / \
     |1      |       | |
     |       | x  +  | |
     \       /       \ /

[ad] > [d]:   /       \       /1\       /       \       / \
              |       |       | |       |       |       | |
              |       | x  +  |1|   >   |       | x  +  | |
              \       /       \ /       \       /       \ /

[bd] ≥ [gd]:  /       \       / \       /       \       / \
              |       |       | |       |       |       | |
              |       | x  +  | |   ≥   |       | x  +  | |
              \       /       \ /       \       /       \ /

[af] ≥ [eb]:  /       \       /1\       /       \       /1\
              |       |       | |       |       |       | |
              |       | x  +  |1|   ≥   |       | x  +  | |
              \1      /       \1/       \1      /       \1/

[ag] ≥ [fa]:  /       \       /1\       /       \       /1\
              |       |       | |       |       |       | |
              |       | x  +  |1|   ≥   |       | x  +  |1|
              \       /       \ /       \       /       \ /

[be] ≥ [fb]:  /       \       / \       /       \       / \
              |       |       | |       |       |       | |
              |       | x  +  |1|   ≥   |       | x  +  |1|
              \       /       \ /       \       /       \ /

[bf] ≥ [ga]:  /       \       / \       /       \       / \
              |       |       |1|       |       |       |1|
              |1      | x  +  | |   ≥   |       | x  +  | |
              \       /       \ /       \       /       \ /

[bg] ≥ [gb]:  /       \       / \       /       \       / \
              |       |       | |       |       |       | |
              |       | x  +  | |   ≥   |       | x  +  | |
              \       /       \ /       \       /       \ /

[ce] > [cb]:  /    1  \       /1\       /    1  \       / \
              |       |       | |       |       |       | |
              |       | x  +  | |   >   |       | x  +  | |
              \       /       \ /       \       /       \ /

[cg] ≥ [cab]: /1      \       / \       /1      \       / \
              |       |       | |       |       |       | |
              |       | x  +  | |   ≥   |       | x  +  | |
              \       /       \ /       \       /       \ /

Relatively top-terminating rules:
  ce -> cb

Remaining strict rules:
  cg |-> cab
CNF: 2445 variables, 10147 clauses (0.039 s)
SAT (Attempt 1, 0.006 s)

Matrix: dimension 4, input width 2, result width 2
[a]: /       \       / \
     |       |       | |
     |       | x  +  | |
     \       /       \ /

[b]: /       \       / \
     |       |       | |
     |       | x  +  | |
     \       /       \1/

[c]: /      1\       / \
     |       |       | |
     |       | x  +  | |
     \       /       \ /

[d]: /       \       / \
     |       |       | |
     |       | x  +  | |
     \       /       \ /

[e]: /       \       / \
     |       |       | |
     |       | x  +  | |
     \       /       \ /

[f]: /       \       / \
     |       |       | |
     |       | x  +  | |
     \       /       \ /

[g]: /       \       / \
     |       |       | |
     |       | x  +  | |
     \       /       \1/

[ad] ≥ [d]:   /       \       / \       /       \       / \
              |       |       | |       |       |       | |
              |       | x  +  | |   ≥   |       | x  +  | |
              \       /       \ /       \       /       \ /

[bd] ≥ [gd]:  /       \       / \       /       \       / \
              |       |       | |       |       |       | |
              |       | x  +  | |   ≥   |       | x  +  | |
              \       /       \1/       \       /       \1/

[af] ≥ [eb]:  /       \       / \       /       \       / \
              |       |       | |       |       |       | |
              |       | x  +  | |   ≥   |       | x  +  | |
              \       /       \ /       \       /       \ /

[ag] ≥ [fa]:  /       \       / \       /       \       / \
              |       |       | |       |       |       | |
              |       | x  +  | |   ≥   |       | x  +  | |
              \       /       \ /       \       /       \ /

[be] ≥ [fb]:  /       \       / \       /       \       / \
              |       |       | |       |       |       | |
              |       | x  +  | |   ≥   |       | x  +  | |
              \       /       \1/       \       /       \ /

[bf] ≥ [ga]:  /       \       / \       /       \       / \
              |       |       | |       |       |       | |
              |       | x  +  | |   ≥   |       | x  +  | |
              \       /       \1/       \       /       \1/

[bg] ≥ [gb]:  /       \       / \       /       \       / \
              |       |       | |       |       |       | |
              |       | x  +  | |   ≥   |       | x  +  | |
              \       /       \1/       \       /       \1/

[cg] > [cab]: /       \       /1\       /       \       / \
              |       |       | |       |       |       | |
              |       | x  +  | |   >   |       | x  +  | |
              \       /       \ /       \       /       \ /

Relatively top-terminating rules:
  cg -> cab

QED
