Rewriting system (reversed):
  da |-> d
  dbba |-> dbaf
  dbab |-> daag
  ea ->= ae
  fa ->= be
  ga ->= af
  eb ->= bf
  fb ->= ag
  gb ->= bg
  ec ->= bc
  fc ->= aac
  gc ->= bac
CNF: 11469 variables, 94483 clauses (0.204 s)
SAT (Attempt 1, 0.704 s)

Matrix: dimension 3, input width 7, result width 7
[a]: /  1  \       / \
     |  2  | x  +  | |
     \    1/       \ /

[b]: /  2  \       /1\
     |  2  | x  +  |1|
     \1    /       \ /

[c]: /     \       / \
     |     | x  +  |1|
     \     /       \ /

[d]: /    1\       / \
     |     | x  +  | |
     \     /       \ /

[e]: /  3  \       / \
     |  3  | x  +  | |
     \  2  /       \ /

[f]: /  3  \       /1\
     |  3  | x  +  |1|
     \  2  /       \ /

[g]: /  3  \       /2\
     |  3  | x  +  |2|
     \  2  /       \ /

[da] ≥ [d]:      /    1\       / \       /    1\       / \
                 |     | x  +  | |   ≥   |     | x  +  | |
                 \     /       \ /       \     /       \ /

[dbba] ≥ [dbaf]: /  4  \       /1\       /  3  \       /1\
                 |     | x  +  | |   ≥   |     | x  +  | |
                 \     /       \ /       \     /       \ /

[dbab] > [daag]: /  2  \       /1\       /  2  \       / \
                 |     | x  +  | |   >   |     | x  +  | |
                 \     /       \ /       \     /       \ /

[ea] ≥ [ae]:     /  6  \       / \       /  3  \       / \
                 |  6  | x  +  | |   ≥   |  6  | x  +  | |
                 \  4  /       \ /       \  2  /       \ /

[fa] ≥ [be]:     /  6  \       /1\       /  6  \       /1\
                 |  6  | x  +  |1|   ≥   |  6  | x  +  |1|
                 \  4  /       \ /       \  3  /       \ /

[ga] > [af]:     /  6  \       /2\       /  3  \       /1\
                 |  6  | x  +  |2|   >   |  6  | x  +  |2|
                 \  4  /       \ /       \  2  /       \ /

[eb] ≥ [bf]:     /  6  \       /3\       /  6  \       /3\
                 |  6  | x  +  |3|   ≥   |  6  | x  +  |3|
                 \  4  /       \2/       \  3  /       \1/

[fb] > [ag]:     /  6  \       /4\       /  3  \       /2\
                 |  6  | x  +  |4|   >   |  6  | x  +  |4|
                 \  4  /       \2/       \  2  /       \ /

[gb] ≥ [bg]:     /  6  \       /5\       /  6  \       /5\
                 |  6  | x  +  |5|   ≥   |  6  | x  +  |5|
                 \  4  /       \2/       \  3  /       \2/

[ec] ≥ [bc]:     /     \       /3\       /     \       /3\
                 |     | x  +  |3|   ≥   |     | x  +  |3|
                 \     /       \2/       \     /       \ /

[fc] > [aac]:    /     \       /4\       /     \       /2\
                 |     | x  +  |4|   >   |     | x  +  |4|
                 \     /       \2/       \     /       \ /

[gc] ≥ [bac]:    /     \       /5\       /     \       /5\
                 |     | x  +  |5|   ≥   |     | x  +  |5|
                 \     /       \2/       \     /       \1/

Relatively top-terminating rules:
  dbab -> daag

Remaining strict rules:
  da |-> d
  dbba |-> dbaf
CNF: 10334 variables, 84765 clauses (0.192 s)
SAT (Attempt 1, 0.064 s)

Matrix: dimension 3, input width 7, result width 7
[a]: /     \       / \
     |  1  | x  +  | |
     \     /       \ /

[b]: /     \       /1\
     |1    | x  +  | |
     \     /       \ /

[c]: /     \       / \
     |     | x  +  | |
     \     /       \ /

[d]: /  1  \       / \
     |     | x  +  | |
     \     /       \ /

[e]: /     \       /1\
     |     | x  +  |1|
     \     /       \ /

[f]: /     \       /1\
     |     | x  +  |1|
     \     /       \ /

[g]: /     \       /1\
     |     | x  +  |1|
     \     /       \ /

[da] ≥ [d]:      /  1  \       / \       /  1  \       / \
                 |     | x  +  | |   ≥   |     | x  +  | |
                 \     /       \ /       \     /       \ /

[dbba] > [dbaf]: /     \       /1\       /     \       / \
                 |     | x  +  | |   >   |     | x  +  | |
                 \     /       \ /       \     /       \ /

[ea] > [ae]:     /     \       /1\       /     \       / \
                 |     | x  +  |1|   >   |     | x  +  |1|
                 \     /       \ /       \     /       \ /

[fa] ≥ [be]:     /     \       /1\       /     \       /1\
                 |     | x  +  |1|   ≥   |     | x  +  |1|
                 \     /       \ /       \     /       \ /

[ga] > [af]:     /     \       /1\       /     \       / \
                 |     | x  +  |1|   >   |     | x  +  |1|
                 \     /       \ /       \     /       \ /

[eb] ≥ [bf]:     /     \       /1\       /     \       /1\
                 |     | x  +  |1|   ≥   |     | x  +  |1|
                 \     /       \ /       \     /       \ /

[fb] > [ag]:     /     \       /1\       /     \       / \
                 |     | x  +  |1|   >   |     | x  +  |1|
                 \     /       \ /       \     /       \ /

[gb] ≥ [bg]:     /     \       /1\       /     \       /1\
                 |     | x  +  |1|   ≥   |     | x  +  |1|
                 \     /       \ /       \     /       \ /

[ec] ≥ [bc]:     /     \       /1\       /     \       /1\
                 |     | x  +  |1|   ≥   |     | x  +  | |
                 \     /       \ /       \     /       \ /

[fc] > [aac]:    /     \       /1\       /     \       / \
                 |     | x  +  |1|   >   |     | x  +  | |
                 \     /       \ /       \     /       \ /

[gc] ≥ [bac]:    /     \       /1\       /     \       /1\
                 |     | x  +  |1|   ≥   |     | x  +  | |
                 \     /       \ /       \     /       \ /

Relatively top-terminating rules:
  dbba -> dbaf

Remaining strict rules:
  da |-> d
CNF: 8443 variables, 68621 clauses (0.162 s)
SAT (Attempt 1, 0.039 s)

Matrix: dimension 3, input width 7, result width 7
[a]: /     \       / \
     |     | x  +  | |
     \    1/       \1/

[b]: /     \       / \
     |     | x  +  | |
     \    1/       \1/

[c]: /     \       / \
     |     | x  +  | |
     \     /       \1/

[d]: /    1\       / \
     |     | x  +  | |
     \     /       \ /

[e]: /     \       / \
     |     | x  +  | |
     \    3/       \ /

[f]: /     \       / \
     |     | x  +  | |
     \    3/       \ /

[g]: /     \       / \
     |     | x  +  | |
     \    3/       \ /

[da] > [d]:   /    1\       /1\       /    1\       / \
              |     | x  +  | |   >   |     | x  +  | |
              \     /       \ /       \     /       \ /

[ea] ≥ [ae]:  /     \       / \       /     \       / \
              |     | x  +  | |   ≥   |     | x  +  | |
              \    3/       \3/       \    3/       \1/

[fa] ≥ [be]:  /     \       / \       /     \       / \
              |     | x  +  | |   ≥   |     | x  +  | |
              \    3/       \3/       \    3/       \1/

[ga] ≥ [af]:  /     \       / \       /     \       / \
              |     | x  +  | |   ≥   |     | x  +  | |
              \    3/       \3/       \    3/       \1/

[eb] ≥ [bf]:  /     \       / \       /     \       / \
              |     | x  +  | |   ≥   |     | x  +  | |
              \    3/       \3/       \    3/       \1/

[fb] ≥ [ag]:  /     \       / \       /     \       / \
              |     | x  +  | |   ≥   |     | x  +  | |
              \    3/       \3/       \    3/       \1/

[gb] ≥ [bg]:  /     \       / \       /     \       / \
              |     | x  +  | |   ≥   |     | x  +  | |
              \    3/       \3/       \    3/       \1/

[ec] ≥ [bc]:  /     \       / \       /     \       / \
              |     | x  +  | |   ≥   |     | x  +  | |
              \     /       \3/       \     /       \2/

[fc] ≥ [aac]: /     \       / \       /     \       / \
              |     | x  +  | |   ≥   |     | x  +  | |
              \     /       \3/       \     /       \3/

[gc] ≥ [bac]: /     \       / \       /     \       / \
              |     | x  +  | |   ≥   |     | x  +  | |
              \     /       \3/       \     /       \3/

Relatively top-terminating rules:
  da -> d

QED
