Rewriting system:
  ad ->= d
  bd ->= gd
  ae ->= ea
  af ->= eb
  ag ->= fa
  bf ->= ga
  bg ->= gb
  ce |-> cb
  cf |-> caa
  cg |-> cab
CNF: 4035 variables, 17384 clauses (0.036 s)
SAT (Attempt 1, 0.147 s)

Arctic: dimension 3, input width 4, result width 4
[a]: /  1 0\       /0\
     |     | x  +  | |
     \0    /       \ /

[b]: /  1 0\       /1\
     |0 1  | x  +  |1|
     \  1 0/       \1/

[c]: /    0\       /0\
     |     | x  +  | |
     \     /       \ /

[d]: /     \       /0\
     |     | x  +  | |
     \     /       \ /

[e]: /0    \       /1\
     |     | x  +  | |
     \  1 0/       \1/

[f]: /1 2 0\       /2\
     |     | x  +  | |
     \0 2 1/       \1/

[g]: /1 1 0\       /1\
     |0 1 0| x  +  |1|
     \  1 0/       \1/

[ad] ≥ [d]:   /     \       /0\       /     \       /0\
              |     | x  +  | |   ≥   |     | x  +  | |
              \     /       \0/       \     /       \ /

[bd] ≥ [gd]:  /     \       /1\       /     \       /1\
              |     | x  +  |1|   ≥   |     | x  +  |1|
              \     /       \1/       \     /       \1/

[ae] ≥ [ea]:  /  1 0\       /1\       /  1 0\       /1\
              |     | x  +  | |   ≥   |     | x  +  | |
              \0    /       \1/       \0    /       \1/

[af] ≥ [eb]:  /0 2 1\       /1\       /  1 0\       /1\
              |     | x  +  | |   ≥   |     | x  +  | |
              \1 2 0/       \2/       \1 2 0/       \2/

[ag] ≥ [fa]:  /1 2 1\       /2\       /0 2 1\       /2\
              |     | x  +  | |   ≥   |     | x  +  | |
              \1 1 0/       \1/       \1 1 0/       \1/

[bf] ≥ [ga]:  /0 2 1\       /1\       /0 2 1\       /1\
              |1 2 0| x  +  |2|   ≥   |0 1 0| x  +  |1|
              \0 2 1/       \1/       \0    /       \1/

[bg] ≥ [gb]:  /1 2 1\       /2\       /1 2 1\       /2\
              |1 2 1| x  +  |2|   ≥   |1 2 0| x  +  |2|
              \1 2 1/       \2/       \1 2 0/       \2/

[ce] ≥ [cb]:  /  1 0\       /1\       /  1 0\       /1\
              |     | x  +  | |   ≥   |     | x  +  | |
              \     /       \ /       \     /       \ /

[cf] > [caa]: /0 2 1\       /1\       /  1 0\       /0\
              |     | x  +  | |   >   |     | x  +  | |
              \     /       \ /       \     /       \ /

[cg] ≥ [cab]: /  1 0\       /1\       /  1 0\       /1\
              |     | x  +  | |   ≥   |     | x  +  | |
              \     /       \ /       \     /       \ /

Relatively top-terminating rules:
  cf -> caa

Remaining strict rules:
  ce |-> cb
  cg |-> cab
CNF: 3656 variables, 15638 clauses (0.035 s)
SAT (Attempt 1, 0.009 s)

Arctic: dimension 3, input width 4, result width 4
[a]: /0    \       / \
     |1    | x  +  | |
     \  0  /       \ /

[b]: /0    \       / \
     |     | x  +  | |
     \     /       \ /

[c]: /0   0\       / \
     |     | x  +  | |
     \     /       \ /

[d]: /0    \       / \
     |     | x  +  | |
     \     /       \ /

[e]: /0    \       / \
     |1    | x  +  | |
     \1    /       \ /

[f]: /0    \       / \
     |1    | x  +  | |
     \     /       \ /

[g]: /0    \       / \
     |     | x  +  | |
     \     /       \ /

[ad] ≥ [d]:   /0    \       / \       /0    \       / \
              |1    | x  +  | |   ≥   |     | x  +  | |
              \     /       \ /       \     /       \ /

[bd] ≥ [gd]:  /0    \       / \       /0    \       / \
              |     | x  +  | |   ≥   |     | x  +  | |
              \     /       \ /       \     /       \ /

[ae] ≥ [ea]:  /0    \       / \       /0    \       / \
              |1    | x  +  | |   ≥   |1    | x  +  | |
              \1    /       \ /       \1    /       \ /

[af] ≥ [eb]:  /0    \       / \       /0    \       / \
              |1    | x  +  | |   ≥   |1    | x  +  | |
              \1    /       \ /       \1    /       \ /

[ag] ≥ [fa]:  /0    \       / \       /0    \       / \
              |1    | x  +  | |   ≥   |1    | x  +  | |
              \     /       \ /       \     /       \ /

[bf] ≥ [ga]:  /0    \       / \       /0    \       / \
              |     | x  +  | |   ≥   |     | x  +  | |
              \     /       \ /       \     /       \ /

[bg] ≥ [gb]:  /0    \       / \       /0    \       / \
              |     | x  +  | |   ≥   |     | x  +  | |
              \     /       \ /       \     /       \ /

[ce] > [cb]:  /1    \       / \       /0    \       / \
              |     | x  +  | |   >   |     | x  +  | |
              \     /       \ /       \     /       \ /

[cg] ≥ [cab]: /0    \       / \       /0    \       / \
              |     | x  +  | |   ≥   |     | x  +  | |
              \     /       \ /       \     /       \ /

Relatively top-terminating rules:
  ce -> cb

Remaining strict rules:
  cg |-> cab
CNF: 3277 variables, 13892 clauses (0.046 s)
SAT (Attempt 1, 0.008 s)

Arctic: dimension 3, input width 4, result width 4
[a]: /0    \       / \
     |  0 0| x  +  | |
     \     /       \ /

[b]: /0    \       / \
     |     | x  +  | |
     \  0 0/       \ /

[c]: /0   1\       / \
     |     | x  +  | |
     \     /       \ /

[d]: /0    \       / \
     |0    | x  +  | |
     \     /       \ /

[e]: /0    \       / \
     |     | x  +  | |
     \     /       \ /

[f]: /0    \       / \
     |0    | x  +  | |
     \     /       \ /

[g]: /0    \       / \
     |     | x  +  | |
     \0    /       \ /

[ad] ≥ [d]:   /0    \       / \       /0    \       / \
              |0    | x  +  | |   ≥   |0    | x  +  | |
              \     /       \ /       \     /       \ /

[bd] ≥ [gd]:  /0    \       / \       /0    \       / \
              |     | x  +  | |   ≥   |     | x  +  | |
              \0    /       \ /       \0    /       \ /

[ae] ≥ [ea]:  /0    \       / \       /0    \       / \
              |     | x  +  | |   ≥   |     | x  +  | |
              \     /       \ /       \     /       \ /

[af] ≥ [eb]:  /0    \       / \       /0    \       / \
              |0    | x  +  | |   ≥   |     | x  +  | |
              \     /       \ /       \     /       \ /

[ag] ≥ [fa]:  /0    \       / \       /0    \       / \
              |0    | x  +  | |   ≥   |0    | x  +  | |
              \     /       \ /       \     /       \ /

[bf] ≥ [ga]:  /0    \       / \       /0    \       / \
              |     | x  +  | |   ≥   |     | x  +  | |
              \0    /       \ /       \0    /       \ /

[bg] ≥ [gb]:  /0    \       / \       /0    \       / \
              |     | x  +  | |   ≥   |     | x  +  | |
              \0    /       \ /       \0    /       \ /

[cg] > [cab]: /1    \       / \       /0    \       / \
              |     | x  +  | |   >   |     | x  +  | |
              \     /       \ /       \     /       \ /

Relatively top-terminating rules:
  cg -> cab

QED
