Rewriting system (reversed):
  daaa |-> daa
  daba |-> dba
  daab |-> dab
  db |-> dag
  ea ->= ae
  fa ->= be
  ga ->= af
  eb ->= bf
  fb ->= ag
  gb ->= bg
  ec ->= bc
  fc ->= aac
  gc ->= bac
CNF: 21025 variables, 186053 clauses (0.424 s)
Timeout: None
Workers: 4
SAT (Attempt 1, 44.257 s)

Arctic: dimension 3, input width 12, result width 12
[a]: /    0   \       / 0\
     |       0| x  +  |  |
     \       1/       \ 1/

[b]: /    2   \       / 2\
     |       1| x  +  | 1|
     \       1/       \ 1/

[c]: / 0      \       /  \
     |        | x  +  |  |
     \        /       \  /

[d]: / 0      \       /  \
     |        | x  +  |  |
     \        /       \  /

[e]: / 2  3   \       / 2\
     |    2   | x  +  | 1|
     \       2/       \ 1/

[f]: / 4      \       / 0\
     |       2| x  +  | 1|
     \       2/       \ 2/

[g]: / 2  2   \       / 2\
     |    2   | x  +  | 2|
     \       2/       \ 2/

[daaa]  >  [daa]: /       1\       / 1\         /       0\       / 0\
                  |        | x  +  |  |    >    |        | x  +  |  |
                  \        /       \  /         \        /       \  /

[daba]  >= [dba]: /       2\       / 2\         /       2\       / 2\
                  |        | x  +  |  |    >=   |        | x  +  |  |
                  \        /       \  /         \        /       \  /

[daab]  >= [dab]: /       1\       / 1\         /       1\       / 1\
                  |        | x  +  |  |    >=   |        | x  +  |  |
                  \        /       \  /         \        /       \  /

[db]  >= [dag]:   /    2   \       / 2\         /    2   \       / 2\
                  |        | x  +  |  |    >=   |        | x  +  |  |
                  \        /       \  /         \        /       \  /

[ea]  >= [ae]:    /    2  3\       / 2\         /    2   \       / 1\
                  |       2| x  +  | 1|    >=   |       2| x  +  | 1|
                  \       3/       \ 3/         \       3/       \ 2/

[fa]  >= [be]:    /    4   \       / 4\         /    4   \       / 3\
                  |       3| x  +  | 3|    >=   |       3| x  +  | 2|
                  \       3/       \ 3/         \       3/       \ 2/

[ga]  >= [af]:    /    2  2\       / 2\         /       2\       / 1\
                  |       2| x  +  | 2|    >=   |       2| x  +  | 2|
                  \       3/       \ 3/         \       3/       \ 3/

[eb]  >= [bf]:    /    4  4\       / 4\         /       4\       / 3\
                  |       3| x  +  | 3|    >=   |       3| x  +  | 3|
                  \       3/       \ 3/         \       3/       \ 3/

[fb]  >= [ag]:    /    6   \       / 6\         /    2   \       / 2\
                  |       3| x  +  | 3|    >=   |       2| x  +  | 2|
                  \       3/       \ 3/         \       3/       \ 3/

[gb]  >= [bg]:    /    4  3\       / 4\         /    4   \       / 4\
                  |       3| x  +  | 3|    >=   |       3| x  +  | 3|
                  \       3/       \ 3/         \       3/       \ 3/

[ec]  >= [bc]:    / 2      \       / 2\         /        \       / 2\
                  |        | x  +  | 1|    >=   |        | x  +  | 1|
                  \        /       \ 1/         \        /       \ 1/

[fc]  >= [aac]:   / 4      \       / 0\         /        \       / 0\
                  |        | x  +  | 1|    >=   |        | x  +  | 1|
                  \        /       \ 2/         \        /       \ 2/

[gc]  >= [bac]:   / 2      \       / 2\         /        \       / 2\
                  |        | x  +  | 2|    >=   |        | x  +  | 2|
                  \        /       \ 2/         \        /       \ 2/

Relatively top-terminating rules:
  daaa -> daa

Remaining strict rules:
  daba |-> dba
  daab |-> dab
  db |-> dag
CNF: 20331 variables, 179480 clauses (0.416 s)
Timeout: None
Workers: 4
SAT (Attempt 1, 55.802 s)

Arctic: dimension 3, input width 12, result width 12
[a]: /       0\       / 0\
     | 0      | x  +  | 5|
     \       3/       \ 2/

[b]: /    1  3\       / 0\
     | 5      | x  +  |  |
     \    1  3/       \ 3/

[c]: /        \       / 1\
     |        | x  +  | 3|
     \        /       \  /

[d]: /    0   \       / 5\
     |        | x  +  |  |
     \        /       \  /

[e]: /       5\       / 4\
     |       7| x  +  | 6|
     \       5/       \ 4/

[f]: /       5\       / 2\
     |    0  7| x  +  | 5|
     \       5/       \ 5/

[g]: / 5      \       /  \
     |    5  2| x  +  |  |
     \    3  5/       \  /

[daba]  >  [dba]: / 1     6\       / 6\         /       5\       / 5\
                  |        | x  +  |  |    >    |        | x  +  |  |
                  \        /       \  /         \        /       \  /

[daab]  >= [dab]: /    1  3\       / 5\         /    1  3\       / 5\
                  |        | x  +  |  |    >=   |        | x  +  |  |
                  \        /       \  /         \        /       \  /

[db]  >= [dag]:   / 5      \       / 5\         / 5      \       / 5\
                  |        | x  +  |  |    >=   |        | x  +  |  |
                  \        /       \  /         \        /       \  /

[ea]  >= [ae]:    /       8\       / 7\         /       5\       / 4\
                  |      10| x  +  | 9|    >=   |       5| x  +  | 5|
                  \       8/       \ 7/         \       8/       \ 7/

[fa]  >= [be]:    /       8\       / 7\         /       8\       / 7\
                  | 0    10| x  +  | 9|    >=   |      10| x  +  | 9|
                  \       8/       \ 7/         \       8/       \ 7/

[ga]  >= [af]:    /       5\       / 5\         /       5\       / 5\
                  | 5     5| x  +  |10|    >=   |       5| x  +  | 5|
                  \ 3     8/       \ 8/         \       8/       \ 8/

[eb]  >= [bf]:    /    6  8\       / 8\         /    1  8\       / 8\
                  |    8 10| x  +  |10|    >=   |      10| x  +  | 7|
                  \    6  8/       \ 8/         \    1  8/       \ 8/

[fb]  >= [ag]:    /    6  8\       / 8\         /    3  5\       / 0\
                  | 5  8 10| x  +  |10|    >=   | 5      | x  +  | 5|
                  \    6  8/       \ 8/         \    6  8/       \ 2/

[gb]  >= [bg]:    /    6  8\       / 5\         /    6  8\       / 0\
                  |10  3  5| x  +  | 5|    >=   |10      | x  +  |  |
                  \ 8  6  8/       \ 8/         \    6  8/       \ 3/

[ec]  >= [bc]:    /        \       / 4\         /        \       / 4\
                  |        | x  +  | 6|    >=   |        | x  +  | 6|
                  \        /       \ 4/         \        /       \ 4/

[fc]  >= [aac]:   /        \       / 2\         /        \       / 2\
                  |        | x  +  | 5|    >=   |        | x  +  | 5|
                  \        /       \ 5/         \        /       \ 5/

[gc]  >= [bac]:   /        \       / 6\         /        \       / 6\
                  |        | x  +  | 8|    >=   |        | x  +  | 5|
                  \        /       \ 6/         \        /       \ 6/

Relatively top-terminating rules:
  daba -> dba

Remaining strict rules:
  daab |-> dab
  db |-> dag
CNF: 18944 variables, 166598 clauses (0.403 s)
Timeout: None
Workers: 4
SAT (Attempt 1, 0.102 s)

Arctic: dimension 3, input width 12, result width 12
[a]: / 0      \       /  \
     |       0| x  +  |  |
     \    0   /       \  /

[b]: / 0      \       /  \
     |        | x  +  | 1|
     \        /       \  /

[c]: /        \       / 0\
     |        | x  +  |  |
     \        /       \  /

[d]: /    0   \       / 0\
     |        | x  +  |  |
     \        /       \  /

[e]: /        \       / 0\
     |        | x  +  | 1|
     \        /       \ 1/

[f]: /        \       / 0\
     |        | x  +  | 1|
     \        /       \ 1/

[g]: /        \       / 0\
     |        | x  +  | 1|
     \        /       \ 1/

[daab]  >  [dab]: /        \       / 1\         /        \       / 0\
                  |        | x  +  |  |    >    |        | x  +  |  |
                  \        /       \  /         \        /       \  /

[db]  >= [dag]:   /        \       / 1\         /        \       / 1\
                  |        | x  +  |  |    >=   |        | x  +  |  |
                  \        /       \  /         \        /       \  /

[ea]  >= [ae]:    /        \       / 0\         /        \       / 0\
                  |        | x  +  | 1|    >=   |        | x  +  | 1|
                  \        /       \ 1/         \        /       \ 1/

[fa]  >= [be]:    /        \       / 0\         /        \       / 0\
                  |        | x  +  | 1|    >=   |        | x  +  | 1|
                  \        /       \ 1/         \        /       \  /

[ga]  >= [af]:    /        \       / 0\         /        \       / 0\
                  |        | x  +  | 1|    >=   |        | x  +  | 1|
                  \        /       \ 1/         \        /       \ 1/

[eb]  >= [bf]:    /        \       / 0\         /        \       / 0\
                  |        | x  +  | 1|    >=   |        | x  +  | 1|
                  \        /       \ 1/         \        /       \  /

[fb]  >= [ag]:    /        \       / 0\         /        \       / 0\
                  |        | x  +  | 1|    >=   |        | x  +  | 1|
                  \        /       \ 1/         \        /       \ 1/

[gb]  >= [bg]:    /        \       / 0\         /        \       / 0\
                  |        | x  +  | 1|    >=   |        | x  +  | 1|
                  \        /       \ 1/         \        /       \  /

[ec]  >= [bc]:    /        \       / 0\         /        \       / 0\
                  |        | x  +  | 1|    >=   |        | x  +  | 1|
                  \        /       \ 1/         \        /       \  /

[fc]  >= [aac]:   /        \       / 0\         /        \       / 0\
                  |        | x  +  | 1|    >=   |        | x  +  |  |
                  \        /       \ 1/         \        /       \  /

[gc]  >= [bac]:   /        \       / 0\         /        \       / 0\
                  |        | x  +  | 1|    >=   |        | x  +  | 1|
                  \        /       \ 1/         \        /       \  /

Relatively top-terminating rules:
  daab -> dab

Remaining strict rules:
  db |-> dag
CNF: 16864 variables, 147407 clauses (0.350 s)
Timeout: None
Workers: 4
SAT (Attempt 1, 0.073 s)

Arctic: dimension 3, input width 12, result width 12
[a]: /        \       / 0\
     |        | x  +  |  |
     \        /       \  /

[b]: /        \       / 0\
     |        | x  +  |  |
     \        /       \ 1/

[c]: /        \       / 0\
     |        | x  +  |  |
     \        /       \  /

[d]: /       0\       / 0\
     |        | x  +  |  |
     \        /       \  /

[e]: /        \       / 0\
     |        | x  +  |  |
     \        /       \ 1/

[f]: /        \       / 0\
     |        | x  +  |  |
     \        /       \ 1/

[g]: /        \       / 0\
     |        | x  +  |  |
     \        /       \ 1/

[db]  >  [dag]: /        \       / 1\         /        \       / 0\
                |        | x  +  |  |    >    |        | x  +  |  |
                \        /       \  /         \        /       \  /

[ea]  >= [ae]:  /        \       / 0\         /        \       / 0\
                |        | x  +  |  |    >=   |        | x  +  |  |
                \        /       \ 1/         \        /       \  /

[fa]  >= [be]:  /        \       / 0\         /        \       / 0\
                |        | x  +  |  |    >=   |        | x  +  |  |
                \        /       \ 1/         \        /       \ 1/

[ga]  >= [af]:  /        \       / 0\         /        \       / 0\
                |        | x  +  |  |    >=   |        | x  +  |  |
                \        /       \ 1/         \        /       \  /

[eb]  >= [bf]:  /        \       / 0\         /        \       / 0\
                |        | x  +  |  |    >=   |        | x  +  |  |
                \        /       \ 1/         \        /       \ 1/

[fb]  >= [ag]:  /        \       / 0\         /        \       / 0\
                |        | x  +  |  |    >=   |        | x  +  |  |
                \        /       \ 1/         \        /       \  /

[gb]  >= [bg]:  /        \       / 0\         /        \       / 0\
                |        | x  +  |  |    >=   |        | x  +  |  |
                \        /       \ 1/         \        /       \ 1/

[ec]  >= [bc]:  /        \       / 0\         /        \       / 0\
                |        | x  +  |  |    >=   |        | x  +  |  |
                \        /       \ 1/         \        /       \ 1/

[fc]  >= [aac]: /        \       / 0\         /        \       / 0\
                |        | x  +  |  |    >=   |        | x  +  |  |
                \        /       \ 1/         \        /       \  /

[gc]  >= [bac]: /        \       / 0\         /        \       / 0\
                |        | x  +  |  |    >=   |        | x  +  |  |
                \        /       \ 1/         \        /       \ 1/

Relatively top-terminating rules:
  db -> dag

QED
