Rewriting system:
  ad ->= d
  bd ->= gd
  ae ->= ea
  af ->= eb
  ag ->= fa
  be ->= fb
  bg ->= gb
  ce |-> cb
  cf |-> caa
  cg |-> cab
CNF: 6043 variables, 22428 clauses (0.049 s)
SAT (Attempt 1, 0.099 s)

Arctic: dimension 4, input width 3, result width 3
[a]: /  0    \       /0\
     |0      |       | |
     |    0  | x  +  | |
     \  0    /       \0/

[b]: /0   1  \       / \
     |      0|       | |
     |       | x  +  | |
     \      0/       \ /

[c]: /0      \       /0\
     |       |       | |
     |       | x  +  | |
     \       /       \ /

[d]: /0      \       / \
     |0      |       | |
     |0      | x  +  |0|
     \0      /       \ /

[e]: /0   1 0\       / \
     |  0 1  |       | |
     |       | x  +  | |
     \0   1 0/       \ /

[f]: /0     0\       / \
     |0   1 0|       | |
     |       | x  +  | |
     \       /       \ /

[g]: /  0 1 1\       /1\
     |  0    |       | |
     |       | x  +  | |
     \      0/       \ /

[ad] ≥ [d]:   /0      \       /0\       /0      \       / \
              |0      |       | |       |0      |       | |
              |0      | x  +  |0|   ≥   |0      | x  +  |0|
              \0      /       \0/       \0      /       \ /

[bd] ≥ [gd]:  /1      \       /1\       /1      \       /1\
              |0      |       | |       |0      |       | |
              |       | x  +  | |   ≥   |       | x  +  | |
              \0      /       \ /       \0      /       \ /

[ae] ≥ [ea]:  /  0 1  \       /0\       /  0 1  \       /0\
              |0   1 0|       | |       |0   1  |       | |
              |       | x  +  | |   ≥   |       | x  +  | |
              \  0 1  /       \0/       \  0 1  /       \0/

[af] ≥ [eb]:  /0   1 0\       /0\       /0   1 0\       / \
              |0     0|       | |       |      0|       | |
              |       | x  +  | |   ≥   |       | x  +  | |
              \0   1 0/       \0/       \0   1 0/       \ /

[ag] ≥ [fa]:  /  0    \       /0\       /  0    \       /0\
              |  0 1 1|       |1|       |  0 1  |       |0|
              |       | x  +  | |   ≥   |       | x  +  | |
              \  0    /       \0/       \       /       \ /

[be] ≥ [fb]:  /0   1 0\       / \       /0   1 0\       / \
              |0   1 0|       | |       |0   1 0|       | |
              |       | x  +  | |   ≥   |       | x  +  | |
              \0   1 0/       \ /       \       /       \ /

[bg] ≥ [gb]:  /  0 1 1\       /1\       /      1\       /1\
              |      0|       | |       |      0|       | |
              |       | x  +  | |   ≥   |       | x  +  | |
              \      0/       \ /       \      0/       \ /

[ce] ≥ [cb]:  /0   1 0\       /0\       /0   1  \       /0\
              |       |       | |       |       |       | |
              |       | x  +  | |   ≥   |       | x  +  | |
              \       /       \ /       \       /       \ /

[cf] ≥ [caa]: /0     0\       /0\       /0      \       /0\
              |       |       | |       |       |       | |
              |       | x  +  | |   ≥   |       | x  +  | |
              \       /       \ /       \       /       \ /

[cg] > [cab]: /  0 1 1\       /1\       /      0\       /0\
              |       |       | |       |       |       | |
              |       | x  +  | |   >   |       | x  +  | |
              \       /       \ /       \       /       \ /

Relatively top-terminating rules:
  cg -> cab

Remaining strict rules:
  ce |-> cb
  cf |-> caa
CNF: 5466 variables, 20172 clauses (0.053 s)
SAT (Attempt 1, 0.018 s)

Arctic: dimension 4, input width 3, result width 3
[a]: /       \       /0\
     |      0|       | |
     |  0    | x  +  | |
     \    0 0/       \ /

[b]: /0      \       / \
     |  0    |       |1|
     |      0| x  +  | |
     \       /       \ /

[c]: /    0  \       /0\
     |       |       | |
     |       | x  +  | |
     \       /       \ /

[d]: /       \       /0\
     |       |       | |
     |       | x  +  | |
     \       /       \ /

[e]: /       \       /0\
     |    0 0|       | |
     |      0| x  +  | |
     \  0 0 0/       \1/

[f]: /       \       /0\
     |       |       | |
     |  0   1| x  +  |1|
     \      0/       \ /

[g]: /       \       /0\
     |    1 1|       |1|
     |    0  | x  +  | |
     \      0/       \ /

[ad] ≥ [d]:   /       \       /0\       /       \       /0\
              |       |       | |       |       |       | |
              |       | x  +  | |   ≥   |       | x  +  | |
              \       /       \ /       \       /       \ /

[bd] ≥ [gd]:  /       \       /0\       /       \       /0\
              |       |       |1|       |       |       |1|
              |       | x  +  | |   ≥   |       | x  +  | |
              \       /       \ /       \       /       \ /

[ae] ≥ [ea]:  /       \       /0\       /       \       /0\
              |  0 0 0|       |1|       |  0 0 0|       | |
              |    0 0| x  +  | |   ≥   |    0 0| x  +  | |
              \  0 0 0/       \1/       \  0 0 0/       \1/

[af] ≥ [eb]:  /       \       /0\       /       \       /0\
              |      0|       | |       |      0|       | |
              |       | x  +  | |   ≥   |       | x  +  | |
              \  0   1/       \1/       \  0   0/       \1/

[ag] ≥ [fa]:  /       \       /0\       /       \       /0\
              |      0|       | |       |       |       | |
              |    1 1| x  +  |1|   ≥   |    1 1| x  +  |1|
              \    0 0/       \ /       \    0 0/       \ /

[be] ≥ [fb]:  /       \       /0\       /       \       /0\
              |    0 0|       |1|       |       |       | |
              |  0 0 0| x  +  |1|   ≥   |  0    | x  +  |1|
              \       /       \ /       \       /       \ /

[bg] ≥ [gb]:  /       \       /0\       /       \       /0\
              |    1 1|       |1|       |      1|       |1|
              |      0| x  +  | |   ≥   |      0| x  +  | |
              \       /       \ /       \       /       \ /

[ce] ≥ [cb]:  /      0\       /0\       /      0\       /0\
              |       |       | |       |       |       | |
              |       | x  +  | |   ≥   |       | x  +  | |
              \       /       \ /       \       /       \ /

[cf] > [caa]: /  0   1\       /1\       /      0\       /0\
              |       |       | |       |       |       | |
              |       | x  +  | |   >   |       | x  +  | |
              \       /       \ /       \       /       \ /

Relatively top-terminating rules:
  cf -> caa

Remaining strict rules:
  ce |-> cb
CNF: 4601 variables, 16828 clauses (0.045 s)
SAT (Attempt 1, 0.010 s)

Arctic: dimension 4, input width 3, result width 3
[a]: /0      \       / \
     |       |       | |
     |       | x  +  | |
     \0      /       \ /

[b]: /0      \       / \
     |       |       | |
     |       | x  +  | |
     \       /       \ /

[c]: /0     1\       / \
     |       |       | |
     |       | x  +  | |
     \       /       \ /

[d]: /0      \       / \
     |       |       | |
     |       | x  +  | |
     \       /       \ /

[e]: /0      \       / \
     |       |       | |
     |       | x  +  | |
     \0      /       \ /

[f]: /0      \       / \
     |       |       | |
     |       | x  +  | |
     \       /       \ /

[g]: /0      \       / \
     |       |       | |
     |       | x  +  | |
     \       /       \ /

[ad] ≥ [d]:  /0      \       / \       /0      \       / \
             |       |       | |       |       |       | |
             |       | x  +  | |   ≥   |       | x  +  | |
             \0      /       \ /       \       /       \ /

[bd] ≥ [gd]: /0      \       / \       /0      \       / \
             |       |       | |       |       |       | |
             |       | x  +  | |   ≥   |       | x  +  | |
             \       /       \ /       \       /       \ /

[ae] ≥ [ea]: /0      \       / \       /0      \       / \
             |       |       | |       |       |       | |
             |       | x  +  | |   ≥   |       | x  +  | |
             \0      /       \ /       \0      /       \ /

[af] ≥ [eb]: /0      \       / \       /0      \       / \
             |       |       | |       |       |       | |
             |       | x  +  | |   ≥   |       | x  +  | |
             \0      /       \ /       \0      /       \ /

[ag] ≥ [fa]: /0      \       / \       /0      \       / \
             |       |       | |       |       |       | |
             |       | x  +  | |   ≥   |       | x  +  | |
             \0      /       \ /       \       /       \ /

[be] ≥ [fb]: /0      \       / \       /0      \       / \
             |       |       | |       |       |       | |
             |       | x  +  | |   ≥   |       | x  +  | |
             \       /       \ /       \       /       \ /

[bg] ≥ [gb]: /0      \       / \       /0      \       / \
             |       |       | |       |       |       | |
             |       | x  +  | |   ≥   |       | x  +  | |
             \       /       \ /       \       /       \ /

[ce] > [cb]: /1      \       / \       /0      \       / \
             |       |       | |       |       |       | |
             |       | x  +  | |   >   |       | x  +  | |
             \       /       \ /       \       /       \ /

Relatively top-terminating rules:
  ce -> cb

QED
