Rewriting system (reversed):
  da |-> d
  dbaa |-> dabe
  dbab |-> daag
  dbbb |-> dbbg
  ea ->= ae
  fa ->= be
  ga ->= af
  eb ->= bf
  fb ->= ag
  gb ->= bg
  ec ->= bc
  fc ->= aac
  gc ->= bac
CNF: 21004 variables, 220377 clauses (0.534 s)
Timeout: None
Workers: 4
SAT (Attempt 1, 0.260 s)

Natural: dimension 3, input width 11, result width 11
[a]: /       1\       /  \
     |    1   | x  +  |  |
     \       2/       \  /

[b]: /        \       /  \
     | 1      | x  +  |  |
     \       2/       \ 1/

[c]: /        \       /  \
     |        | x  +  |  |
     \        /       \ 1/

[d]: /    1   \       /  \
     |        | x  +  |  |
     \        /       \  /

[e]: /       2\       /  \
     |       1| x  +  |  |
     \       3/       \  /

[f]: /       2\       /  \
     |       1| x  +  |  |
     \       3/       \ 1/

[g]: /       2\       / 1\
     |       1| x  +  |  |
     \       3/       \ 2/

[da]  >= [d]:      /    1   \       /  \         /    1   \       /  \
                   |        | x  +  |  |    >=   |        | x  +  |  |
                   \        /       \  /         \        /       \  /

[dbaa]  >= [dabe]: /       2\       /  \         /       2\       /  \
                   |        | x  +  |  |    >=   |        | x  +  |  |
                   \        /       \  /         \        /       \  /

[dbab]  >  [daag]: /       2\       / 1\         /       1\       /  \
                   |        | x  +  |  |    >    |        | x  +  |  |
                   \        /       \  /         \        /       \  /

[dbbb]  >= [dbbg]: /        \       /  \         /        \       /  \
                   |        | x  +  |  |    >=   |        | x  +  |  |
                   \        /       \  /         \        /       \  /

[ea]  >= [ae]:     /       4\       /  \         /       3\       /  \
                   |       2| x  +  |  |    >=   |       1| x  +  |  |
                   \       6/       \  /         \       6/       \  /

[fa]  >= [be]:     /       4\       /  \         /        \       /  \
                   |       2| x  +  |  |    >=   |       2| x  +  |  |
                   \       6/       \ 1/         \       6/       \ 1/

[ga]  >= [af]:     /       4\       / 1\         /       3\       / 1\
                   |       2| x  +  |  |    >=   |       1| x  +  |  |
                   \       6/       \ 2/         \       6/       \ 2/

[eb]  >  [bf]:     /       4\       / 2\         /        \       /  \
                   |       2| x  +  | 1|    >    |       2| x  +  |  |
                   \       6/       \ 3/         \       6/       \ 3/

[fb]  >= [ag]:     /       4\       / 2\         /       3\       / 2\
                   |       2| x  +  | 1|    >=   |       1| x  +  |  |
                   \       6/       \ 4/         \       6/       \ 4/

[gb]  >  [bg]:     /       4\       / 3\         /        \       /  \
                   |       2| x  +  | 1|    >    |       2| x  +  | 1|
                   \       6/       \ 5/         \       6/       \ 5/

[ec]  >  [bc]:     /        \       / 2\         /        \       /  \
                   |        | x  +  | 1|    >    |        | x  +  |  |
                   \        /       \ 3/         \        /       \ 3/

[fc]  >= [aac]:    /        \       / 2\         /        \       / 2\
                   |        | x  +  | 1|    >=   |        | x  +  |  |
                   \        /       \ 4/         \        /       \ 4/

[gc]  >  [bac]:    /        \       / 3\         /        \       /  \
                   |        | x  +  | 1|    >    |        | x  +  | 1|
                   \        /       \ 5/         \        /       \ 5/

Relatively top-terminating rules:
  dbab -> daag

Remaining strict rules:
  da |-> d
  dbaa |-> dabe
  dbbb |-> dbbg
CNF: 19113 variables, 199807 clauses (0.499 s)
Timeout: None
Workers: 4
SAT (Attempt 1, 21.843 s)

Natural: dimension 3, input width 11, result width 11
[a]: / 1      \       /  \
     |    2   | x  +  | 1|
     \    1   /       \  /

[b]: /       1\       /  \
     |    2   | x  +  | 2|
     \        /       \  /

[c]: /        \       /  \
     |        | x  +  |  |
     \        /       \  /

[d]: / 1      \       /  \
     |        | x  +  |  |
     \        /       \  /

[e]: /    1   \       /  \
     |    3   | x  +  | 2|
     \    2   /       \  /

[f]: /    1   \       /  \
     |    3   | x  +  | 3|
     \    2   /       \ 1/

[g]: /    1   \       /  \
     |    3   | x  +  | 4|
     \    2   /       \ 1/

[da]  >= [d]:      / 1      \       /  \         / 1      \       /  \
                   |        | x  +  |  |    >=   |        | x  +  |  |
                   \        /       \  /         \        /       \  /

[dbaa]  >  [dabe]: /    2   \       / 1\         /    2   \       /  \
                   |        | x  +  |  |    >    |        | x  +  |  |
                   \        /       \  /         \        /       \  /

[dbbb]  >= [dbbg]: /        \       /  \         /        \       /  \
                   |        | x  +  |  |    >=   |        | x  +  |  |
                   \        /       \  /         \        /       \  /

[ea]  >  [ae]:     /    2   \       / 1\         /    1   \       /  \
                   |    6   | x  +  | 5|    >    |    6   | x  +  | 5|
                   \    4   /       \ 2/         \    3   /       \ 2/

[fa]  >  [be]:     /    2   \       / 1\         /    2   \       /  \
                   |    6   | x  +  | 6|    >    |    6   | x  +  | 6|
                   \    4   /       \ 3/         \        /       \  /

[ga]  >  [af]:     /    2   \       / 1\         /    1   \       /  \
                   |    6   | x  +  | 7|    >    |    6   | x  +  | 7|
                   \    4   /       \ 3/         \    3   /       \ 3/

[eb]  >  [bf]:     /    2   \       / 2\         /    2   \       / 1\
                   |    6   | x  +  | 8|    >    |    6   | x  +  | 8|
                   \    4   /       \ 4/         \        /       \  /

[fb]  >  [ag]:     /    2   \       / 2\         /    1   \       /  \
                   |    6   | x  +  | 9|    >    |    6   | x  +  | 9|
                   \    4   /       \ 5/         \    3   /       \ 4/

[gb]  >  [bg]:     /    2   \       / 2\         /    2   \       / 1\
                   |    6   | x  +  |10|    >    |    6   | x  +  |10|
                   \    4   /       \ 5/         \        /       \  /

[ec]  >= [bc]:     /        \       /  \         /        \       /  \
                   |        | x  +  | 2|    >=   |        | x  +  | 2|
                   \        /       \  /         \        /       \  /

[fc]  >= [aac]:    /        \       /  \         /        \       /  \
                   |        | x  +  | 3|    >=   |        | x  +  | 3|
                   \        /       \ 1/         \        /       \ 1/

[gc]  >= [bac]:    /        \       /  \         /        \       /  \
                   |        | x  +  | 4|    >=   |        | x  +  | 4|
                   \        /       \ 1/         \        /       \  /

Relatively top-terminating rules:
  dbaa -> dabe

Remaining strict rules:
  da |-> d
  dbbb |-> dbbg
CNF: 16592 variables, 172424 clauses (0.418 s)
Timeout: None
Workers: 4
SAT (Attempt 1, 0.086 s)

Natural: dimension 3, input width 11, result width 11
[a]: / 1  1   \       /  \
     |        | x  +  | 1|
     \    1  1/       \  /

[b]: / 1  1   \       /  \
     |        | x  +  | 1|
     \        /       \  /

[c]: /        \       / 1\
     |        | x  +  | 1|
     \        /       \  /

[d]: /    1  1\       /  \
     |        | x  +  |  |
     \        /       \  /

[e]: / 3      \       /  \
     |    1   | x  +  |  |
     \       1/       \  /

[f]: / 3      \       /  \
     |    1   | x  +  |  |
     \ 2      /       \  /

[g]: / 3      \       /  \
     |    1   | x  +  |  |
     \ 2      /       \  /

[da]  >  [d]:      /    1  1\       / 1\         /    1  1\       /  \
                   |        | x  +  |  |    >    |        | x  +  |  |
                   \        /       \  /         \        /       \  /

[dbbb]  >= [dbbg]: /        \       / 1\         /        \       / 1\
                   |        | x  +  |  |    >=   |        | x  +  |  |
                   \        /       \  /         \        /       \  /

[ea]  >= [ae]:     / 3  3   \       /  \         / 3  1   \       /  \
                   |        | x  +  | 1|    >=   |        | x  +  | 1|
                   \    1  1/       \  /         \    1  1/       \  /

[fa]  >= [be]:     / 3  3   \       /  \         / 3  1   \       /  \
                   |        | x  +  | 1|    >=   |        | x  +  | 1|
                   \ 2  2   /       \  /         \        /       \  /

[ga]  >= [af]:     / 3  3   \       /  \         / 3  1   \       /  \
                   |        | x  +  | 1|    >=   |        | x  +  | 1|
                   \ 2  2   /       \  /         \ 2  1   /       \  /

[eb]  >= [bf]:     / 3  3   \       /  \         / 3  1   \       /  \
                   |        | x  +  | 1|    >=   |        | x  +  | 1|
                   \        /       \  /         \        /       \  /

[fb]  >= [ag]:     / 3  3   \       /  \         / 3  1   \       /  \
                   |        | x  +  | 1|    >=   |        | x  +  | 1|
                   \ 2  2   /       \  /         \ 2  1   /       \  /

[gb]  >= [bg]:     / 3  3   \       /  \         / 3  1   \       /  \
                   |        | x  +  | 1|    >=   |        | x  +  | 1|
                   \ 2  2   /       \  /         \        /       \  /

[ec]  >  [bc]:     /        \       / 3\         /        \       / 2\
                   |        | x  +  | 1|    >    |        | x  +  | 1|
                   \        /       \  /         \        /       \  /

[fc]  >= [aac]:    /        \       / 3\         /        \       / 3\
                   |        | x  +  | 1|    >=   |        | x  +  | 1|
                   \        /       \ 2/         \        /       \ 2/

[gc]  >= [bac]:    /        \       / 3\         /        \       / 3\
                   |        | x  +  | 1|    >=   |        | x  +  | 1|
                   \        /       \ 2/         \        /       \  /

Relatively top-terminating rules:
  da -> d

Remaining strict rules:
  dbbb |-> dbbg
CNF: 15961 variables, 165480 clauses (0.420 s)
Timeout: None
Workers: 4
SAT (Attempt 1, 0.247 s)

Natural: dimension 3, input width 11, result width 11
[a]: / 1      \       / 1\
     |        | x  +  |  |
     \        /       \  /

[b]: / 1      \       /  \
     |       1| x  +  |  |
     \       1/       \ 1/

[c]: /        \       / 1\
     |        | x  +  |  |
     \        /       \ 1/

[d]: /    1   \       /  \
     |        | x  +  |  |
     \        /       \  /

[e]: / 2      \       / 1\
     | 2      | x  +  |  |
     \ 2      /       \ 1/

[f]: / 2      \       / 1\
     | 2      | x  +  |  |
     \ 2      /       \  /

[g]: / 2      \       /  \
     |    1   | x  +  |  |
     \       1/       \  /

[dbbb]  >  [dbbg]: /       1\       / 2\         /       1\       / 1\
                   |        | x  +  |  |    >    |        | x  +  |  |
                   \        /       \  /         \        /       \  /

[ea]  >  [ae]:     / 2      \       / 3\         / 2      \       / 2\
                   | 2      | x  +  | 2|    >    |        | x  +  |  |
                   \ 2      /       \ 3/         \        /       \  /

[fa]  >  [be]:     / 2      \       / 3\         / 2      \       / 1\
                   | 2      | x  +  | 2|    >    | 2      | x  +  | 1|
                   \ 2      /       \ 2/         \ 2      /       \ 2/

[ga]  >= [af]:     / 2      \       / 2\         / 2      \       / 2\
                   |        | x  +  |  |    >=   |        | x  +  |  |
                   \        /       \  /         \        /       \  /

[eb]  >= [bf]:     / 2      \       / 1\         / 2      \       / 1\
                   | 2      | x  +  |  |    >=   | 2      | x  +  |  |
                   \ 2      /       \ 1/         \ 2      /       \ 1/

[fb]  >= [ag]:     / 2      \       / 1\         / 2      \       / 1\
                   | 2      | x  +  |  |    >=   |        | x  +  |  |
                   \ 2      /       \  /         \        /       \  /

[gb]  >= [bg]:     / 2      \       /  \         / 2      \       /  \
                   |       1| x  +  |  |    >=   |       1| x  +  |  |
                   \       1/       \ 1/         \       1/       \ 1/

[ec]  >  [bc]:     /        \       / 3\         /        \       / 1\
                   |        | x  +  | 2|    >    |        | x  +  | 1|
                   \        /       \ 3/         \        /       \ 2/

[fc]  >= [aac]:    /        \       / 3\         /        \       / 3\
                   |        | x  +  | 2|    >=   |        | x  +  |  |
                   \        /       \ 2/         \        /       \  /

[gc]  >= [bac]:    /        \       / 2\         /        \       / 2\
                   |        | x  +  |  |    >=   |        | x  +  |  |
                   \        /       \ 1/         \        /       \ 1/

Relatively top-terminating rules:
  dbbb -> dbbg

QED
