Rewriting system (reversed):
  daaa |-> daa
  daab |-> dab
  dabb |-> dbb
  db |-> dag
  ea ->= ae
  fa ->= be
  ga ->= af
  eb ->= bf
  fb ->= ag
  gb ->= bg
  ec ->= bc
  fc ->= aac
  gc ->= bac
CNF: 5737 variables, 35627 clauses (0.082 s)
Timeout: None
Workers: 4
SAT (Attempt 1, 0.027 s)

Natural: dimension 3, input width 4, result width 4
[a]: /    1\       / \
     |     | x  +  | |
     \     /       \1/

[b]: /     \       / \
     |    1| x  +  | |
     \     /       \ /

[c]: /     \       / \
     |     | x  +  |1|
     \     /       \ /

[d]: /1 1  \       / \
     |     | x  +  | |
     \     /       \ /

[e]: /    1\       / \
     |     | x  +  |1|
     \     /       \1/

[f]: /  1  \       / \
     |    1| x  +  | |
     \     /       \1/

[g]: /    1\       / \
     |  1  | x  +  | |
     \    1/       \ /

[daaa]  >= [daa]: /     \       /1\         /     \       /1\
                  |     | x  +  | |    >=   |     | x  +  | |
                  \     /       \ /         \     /       \ /

[daab]  >  [dab]: /     \       /1\         /     \       / \
                  |     | x  +  | |    >    |     | x  +  | |
                  \     /       \ /         \     /       \ /

[dabb]  >= [dbb]: /     \       / \         /     \       / \
                  |     | x  +  | |    >=   |     | x  +  | |
                  \     /       \ /         \     /       \ /

[db]  >= [dag]:   /    1\       / \         /    1\       / \
                  |     | x  +  | |    >=   |     | x  +  | |
                  \     /       \ /         \     /       \ /

[ea]  >= [ae]:    /     \       /1\         /     \       /1\
                  |     | x  +  |1|    >=   |     | x  +  | |
                  \     /       \1/         \     /       \1/

[fa]  >= [be]:    /     \       / \         /     \       / \
                  |     | x  +  |1|    >=   |     | x  +  |1|
                  \     /       \1/         \     /       \ /

[ga]  >= [af]:    /     \       /1\         /     \       /1\
                  |     | x  +  | |    >=   |     | x  +  | |
                  \     /       \1/         \     /       \1/

[eb]  >= [bf]:    /     \       / \         /     \       / \
                  |     | x  +  |1|    >=   |     | x  +  |1|
                  \     /       \1/         \     /       \ /

[fb]  >= [ag]:    /    1\       / \         /    1\       / \
                  |     | x  +  | |    >=   |     | x  +  | |
                  \     /       \1/         \     /       \1/

[gb]  >= [bg]:    /     \       / \         /     \       / \
                  |    1| x  +  | |    >=   |    1| x  +  | |
                  \     /       \ /         \     /       \ /

[ec]  >= [bc]:    /     \       / \         /     \       / \
                  |     | x  +  |1|    >=   |     | x  +  | |
                  \     /       \1/         \     /       \ /

[fc]  >= [aac]:   /     \       /1\         /     \       /1\
                  |     | x  +  | |    >=   |     | x  +  | |
                  \     /       \1/         \     /       \1/

[gc]  >= [bac]:   /     \       / \         /     \       / \
                  |     | x  +  |1|    >=   |     | x  +  |1|
                  \     /       \ /         \     /       \ /

Relatively top-terminating rules:
  daab -> dab

Remaining strict rules:
  daaa |-> daa
  dabb |-> dbb
  db |-> dag
CNF: 5547 variables, 34381 clauses (0.087 s)
Timeout: None
Workers: 4
SAT (Attempt 1, 0.037 s)

Natural: dimension 3, input width 4, result width 4
[a]: /     \       / \
     |  1  | x  +  |1|
     \1    /       \ /

[b]: /1    \       /1\
     |  1  | x  +  | |
     \1    /       \ /

[c]: /     \       /1\
     |     | x  +  |1|
     \     /       \ /

[d]: /    1\       / \
     |     | x  +  | |
     \     /       \ /

[e]: /  2  \       /1\
     |  2  | x  +  |1|
     \  2  /       \ /

[f]: /  2  \       / \
     |  2  | x  +  |1|
     \  2 1/       \ /

[g]: /1    \       / \
     |  2  | x  +  | |
     \  2 1/       \ /

[daaa]  >= [daa]: /     \       / \         /     \       / \
                  |     | x  +  | |    >=   |     | x  +  | |
                  \     /       \ /         \     /       \ /

[dabb]  >  [dbb]: /1    \       /2\         /1    \       /1\
                  |     | x  +  | |    >    |     | x  +  | |
                  \     /       \ /         \     /       \ /

[db]  >= [dag]:   /1    \       / \         /1    \       / \
                  |     | x  +  | |    >=   |     | x  +  | |
                  \     /       \ /         \     /       \ /

[ea]  >  [ae]:    /  2  \       /3\         /     \       / \
                  |  2  | x  +  |3|    >    |  2  | x  +  |2|
                  \  2  /       \2/         \  2  /       \1/

[fa]  >= [be]:    /  2  \       /2\         /  2  \       /2\
                  |  2  | x  +  |3|    >=   |  2  | x  +  |1|
                  \1 2  /       \2/         \  2  /       \1/

[ga]  >= [af]:    /     \       / \         /     \       / \
                  |  2  | x  +  |2|    >=   |  2  | x  +  |2|
                  \1 2  /       \2/         \  2  /       \ /

[eb]  >= [bf]:    /  2  \       /1\         /  2  \       /1\
                  |  2  | x  +  |1|    >=   |  2  | x  +  |1|
                  \  2  /       \ /         \  2  /       \ /

[fb]  >= [ag]:    /  2  \       / \         /     \       / \
                  |  2  | x  +  |1|    >=   |  2  | x  +  |1|
                  \1 2  /       \ /         \1    /       \ /

[gb]  >= [bg]:    /1    \       /1\         /1    \       /1\
                  |  2  | x  +  | |    >=   |  2  | x  +  | |
                  \1 2  /       \ /         \1    /       \ /

[ec]  >  [bc]:    /     \       /3\         /     \       /2\
                  |     | x  +  |3|    >    |     | x  +  |1|
                  \     /       \2/         \     /       \1/

[fc]  >  [aac]:   /     \       /2\         /     \       / \
                  |     | x  +  |3|    >    |     | x  +  |3|
                  \     /       \2/         \     /       \ /

[gc]  >= [bac]:   /     \       /1\         /     \       /1\
                  |     | x  +  |2|    >=   |     | x  +  |2|
                  \     /       \2/         \     /       \ /

Relatively top-terminating rules:
  dabb -> dbb

Remaining strict rules:
  daaa |-> daa
  db |-> dag
CNF: 4979 variables, 30723 clauses (0.071 s)
Timeout: None
Workers: 4
SAT (Attempt 1, 0.018 s)

Natural: dimension 3, input width 4, result width 4
[a]: /     \       / \
     |     | x  +  | |
     \     /       \1/

[b]: /     \       /1\
     |     | x  +  | |
     \     /       \ /

[c]: /     \       /1\
     |     | x  +  | |
     \     /       \ /

[d]: /1    \       / \
     |     | x  +  | |
     \     /       \ /

[e]: /     \       /1\
     |     | x  +  | |
     \    1/       \ /

[f]: /    1\       / \
     |     | x  +  | |
     \     /       \1/

[g]: /1    \       / \
     |     | x  +  | |
     \    1/       \ /

[daaa]  >= [daa]: /     \       / \         /     \       / \
                  |     | x  +  | |    >=   |     | x  +  | |
                  \     /       \ /         \     /       \ /

[db]  >  [dag]:   /     \       /1\         /     \       / \
                  |     | x  +  | |    >    |     | x  +  | |
                  \     /       \ /         \     /       \ /

[ea]  >  [ae]:    /     \       /1\         /     \       / \
                  |     | x  +  | |    >    |     | x  +  | |
                  \     /       \1/         \     /       \1/

[fa]  >= [be]:    /     \       /1\         /     \       /1\
                  |     | x  +  | |    >=   |     | x  +  | |
                  \     /       \1/         \     /       \ /

[ga]  >= [af]:    /     \       / \         /     \       / \
                  |     | x  +  | |    >=   |     | x  +  | |
                  \     /       \1/         \     /       \1/

[eb]  >= [bf]:    /     \       /1\         /     \       /1\
                  |     | x  +  | |    >=   |     | x  +  | |
                  \     /       \ /         \     /       \ /

[fb]  >= [ag]:    /     \       / \         /     \       / \
                  |     | x  +  | |    >=   |     | x  +  | |
                  \     /       \1/         \     /       \1/

[gb]  >= [bg]:    /     \       /1\         /     \       /1\
                  |     | x  +  | |    >=   |     | x  +  | |
                  \     /       \ /         \     /       \ /

[ec]  >= [bc]:    /     \       /1\         /     \       /1\
                  |     | x  +  | |    >=   |     | x  +  | |
                  \     /       \ /         \     /       \ /

[fc]  >= [aac]:   /     \       / \         /     \       / \
                  |     | x  +  | |    >=   |     | x  +  | |
                  \     /       \1/         \     /       \1/

[gc]  >= [bac]:   /     \       /1\         /     \       /1\
                  |     | x  +  | |    >=   |     | x  +  | |
                  \     /       \ /         \     /       \ /

Relatively top-terminating rules:
  db -> dag

Remaining strict rules:
  daaa |-> daa
CNF: 4600 variables, 28271 clauses (0.076 s)
Timeout: None
Workers: 4
SAT (Attempt 1, 0.016 s)

Natural: dimension 3, input width 4, result width 4
[a]: /1    \       / \
     |     | x  +  | |
     \    1/       \1/

[b]: /1    \       /1\
     |     | x  +  | |
     \     /       \ /

[c]: /     \       /1\
     |     | x  +  | |
     \     /       \ /

[d]: /    1\       / \
     |     | x  +  | |
     \     /       \ /

[e]: /2    \       / \
     |     | x  +  | |
     \    1/       \ /

[f]: /2    \       /1\
     |     | x  +  | |
     \2    /       \ /

[g]: /2    \       /1\
     |     | x  +  | |
     \2    /       \1/

[daaa]  >  [daa]: /    1\       /3\         /    1\       /2\
                  |     | x  +  | |    >    |     | x  +  | |
                  \     /       \ /         \     /       \ /

[ea]  >= [ae]:    /2    \       / \         /2    \       / \
                  |     | x  +  | |    >=   |     | x  +  | |
                  \    1/       \1/         \    1/       \1/

[fa]  >= [be]:    /2    \       /1\         /2    \       /1\
                  |     | x  +  | |    >=   |     | x  +  | |
                  \2    /       \ /         \     /       \ /

[ga]  >= [af]:    /2    \       /1\         /2    \       /1\
                  |     | x  +  | |    >=   |     | x  +  | |
                  \2    /       \1/         \2    /       \1/

[eb]  >= [bf]:    /2    \       /2\         /2    \       /2\
                  |     | x  +  | |    >=   |     | x  +  | |
                  \     /       \ /         \     /       \ /

[fb]  >  [ag]:    /2    \       /3\         /2    \       /1\
                  |     | x  +  | |    >    |     | x  +  | |
                  \2    /       \2/         \2    /       \2/

[gb]  >  [bg]:    /2    \       /3\         /2    \       /2\
                  |     | x  +  | |    >    |     | x  +  | |
                  \2    /       \3/         \     /       \ /

[ec]  >= [bc]:    /     \       /2\         /     \       /2\
                  |     | x  +  | |    >=   |     | x  +  | |
                  \     /       \ /         \     /       \ /

[fc]  >  [aac]:   /     \       /3\         /     \       /1\
                  |     | x  +  | |    >    |     | x  +  | |
                  \     /       \2/         \     /       \2/

[gc]  >  [bac]:   /     \       /3\         /     \       /2\
                  |     | x  +  | |    >    |     | x  +  | |
                  \     /       \3/         \     /       \ /

Relatively top-terminating rules:
  daaa -> daa

QED
