Rewriting system:
  ad ->= d
  bd ->= gd
  ae ->= ea
  af ->= eb
  ag ->= fa
  be ->= fb
  bf ->= ga
  ce |-> cb
  cf |-> caa
  cg |-> cab
CNF: 1771 variables, 8606 clauses (0.018 s)
Timeout: None
Workers: 4
SAT (Attempt 1, 0.013 s)

Arctic: dimension 2, input width 5, result width 5
[a]: /0 0\       / \
     \  1/ x  +  \ /

[b]: /0 0\       / \
     \0 1/ x  +  \ /

[c]: /0  \       / \
     \   / x  +  \ /

[d]: /0  \       / \
     \   / x  +  \ /

[e]: /1 1\       / \
     \1 2/ x  +  \ /

[f]: /0 1\       / \
     \1 2/ x  +  \ /

[g]: /0 1\       / \
     \0 2/ x  +  \ /

[ad]  >= [d]:   /0  \       / \         /0  \       / \
                \   / x  +  \ /    >=   \   / x  +  \ /

[bd]  >= [gd]:  /0  \       / \         /0  \       / \
                \0  / x  +  \ /    >=   \0  / x  +  \ /

[ae]  >= [ea]:  /1 2\       / \         /1 2\       / \
                \2 3/ x  +  \ /    >=   \1 3/ x  +  \ /

[af]  >= [eb]:  /1 2\       / \         /1 2\       / \
                \2 3/ x  +  \ /    >=   \2 3/ x  +  \ /

[ag]  >= [fa]:  /0 2\       / \         /0 2\       / \
                \1 3/ x  +  \ /    >=   \1 3/ x  +  \ /

[be]  >= [fb]:  /1 2\       / \         /1 2\       / \
                \2 3/ x  +  \ /    >=   \2 3/ x  +  \ /

[bf]  >= [ga]:  /1 2\       / \         /0 2\       / \
                \2 3/ x  +  \ /    >=   \0 3/ x  +  \ /

[ce]  >  [cb]:  /1 1\       / \         /0 0\       / \
                \   / x  +  \ /    >    \   / x  +  \ /

[cf]  >= [caa]: /0 1\       / \         /0 1\       / \
                \   / x  +  \ /    >=   \   / x  +  \ /

[cg]  >= [cab]: /0 1\       / \         /0 1\       / \
                \   / x  +  \ /    >=   \   / x  +  \ /

Relatively top-terminating rules:
  ce -> cb

Remaining strict rules:
  cf |-> caa
  cg |-> cab
CNF: 1610 variables, 7742 clauses (0.017 s)
Timeout: None
Workers: 4
SAT (Attempt 1, 0.009 s)

Arctic: dimension 2, input width 5, result width 5
[a]: /   \       /0\
     \   / x  +  \ /

[b]: /   \       /0\
     \   / x  +  \0/

[c]: /  1\       /0\
     \   / x  +  \ /

[d]: /   \       /0\
     \   / x  +  \ /

[e]: /   \       /0\
     \   / x  +  \ /

[f]: /   \       /0\
     \   / x  +  \ /

[g]: /   \       /0\
     \   / x  +  \0/

[ad]  >= [d]:   /   \       /0\         /   \       /0\
                \   / x  +  \ /    >=   \   / x  +  \ /

[bd]  >= [gd]:  /   \       /0\         /   \       /0\
                \   / x  +  \0/    >=   \   / x  +  \0/

[ae]  >= [ea]:  /   \       /0\         /   \       /0\
                \   / x  +  \ /    >=   \   / x  +  \ /

[af]  >= [eb]:  /   \       /0\         /   \       /0\
                \   / x  +  \ /    >=   \   / x  +  \ /

[ag]  >= [fa]:  /   \       /0\         /   \       /0\
                \   / x  +  \ /    >=   \   / x  +  \ /

[be]  >= [fb]:  /   \       /0\         /   \       /0\
                \   / x  +  \0/    >=   \   / x  +  \ /

[bf]  >= [ga]:  /   \       /0\         /   \       /0\
                \   / x  +  \0/    >=   \   / x  +  \0/

[cf]  >= [caa]: /   \       /0\         /   \       /0\
                \   / x  +  \ /    >=   \   / x  +  \ /

[cg]  >  [cab]: /   \       /1\         /   \       /0\
                \   / x  +  \ /    >    \   / x  +  \ /

Relatively top-terminating rules:
  cg -> cab

Remaining strict rules:
  cf |-> caa
CNF: 1449 variables, 6878 clauses (0.021 s)
Timeout: None
Workers: 4
SAT (Attempt 1, 0.005 s)

Arctic: dimension 2, input width 5, result width 5
[a]: /0  \       / \
     \  1/ x  +  \ /

[b]: /1 0\       / \
     \  1/ x  +  \1/

[c]: /0  \       / \
     \   / x  +  \ /

[d]: /   \       /0\
     \   / x  +  \ /

[e]: /0  \       / \
     \2 2/ x  +  \2/

[f]: /1 0\       / \
     \2 2/ x  +  \2/

[g]: /1 1\       / \
     \1 2/ x  +  \1/

[ad]  >= [d]:   /   \       /0\         /   \       /0\
                \   / x  +  \ /    >=   \   / x  +  \ /

[bd]  >= [gd]:  /   \       /1\         /   \       /1\
                \   / x  +  \1/    >=   \   / x  +  \1/

[ae]  >= [ea]:  /0  \       / \         /0  \       / \
                \3 3/ x  +  \3/    >=   \2 3/ x  +  \2/

[af]  >= [eb]:  /1 0\       / \         /1 0\       / \
                \3 3/ x  +  \3/    >=   \3 3/ x  +  \3/

[ag]  >= [fa]:  /1 1\       / \         /1 1\       / \
                \2 3/ x  +  \2/    >=   \2 3/ x  +  \2/

[be]  >= [fb]:  /2 2\       /2\         /2 1\       /1\
                \3 3/ x  +  \3/    >=   \3 3/ x  +  \3/

[bf]  >= [ga]:  /2 2\       /2\         /1 2\       / \
                \3 3/ x  +  \3/    >=   \1 3/ x  +  \1/

[cf]  >  [caa]: /1 0\       / \         /0  \       / \
                \   / x  +  \ /    >    \   / x  +  \ /

Relatively top-terminating rules:
  cf -> caa

QED
