Rewriting system:
  ad ->= d
  bd ->= gd
  ae ->= ea
  af ->= eb
  be ->= fb
  bf ->= ga
  bg ->= gb
  ce |-> cb
  cf |-> caa
  cg |-> cab
CNF: 77 variables, 267 clauses (0.001 s)
SAT (Attempt 1, 0.001 s)

Matrix: dimension 1, input width 2, result width 2
[a]: [1] x  +  [ ]

[b]: [1] x  +  [ ]

[c]: [1] x  +  [ ]

[d]: [1] x  +  [1]

[e]: [1] x  +  [1]

[f]: [1] x  +  [1]

[g]: [1] x  +  [ ]

[ad] ≥ [d]:   [1] x  +  [1]   ≥   [1] x  +  [1]

[bd] ≥ [gd]:  [1] x  +  [1]   ≥   [1] x  +  [1]

[ae] ≥ [ea]:  [1] x  +  [1]   ≥   [1] x  +  [1]

[af] ≥ [eb]:  [1] x  +  [1]   ≥   [1] x  +  [1]

[be] ≥ [fb]:  [1] x  +  [1]   ≥   [1] x  +  [1]

[bf] > [ga]:  [1] x  +  [1]   >   [1] x  +  [ ]

[bg] ≥ [gb]:  [1] x  +  [ ]   ≥   [1] x  +  [ ]

[ce] > [cb]:  [1] x  +  [1]   >   [1] x  +  [ ]

[cf] > [caa]: [1] x  +  [1]   >   [1] x  +  [ ]

[cg] ≥ [cab]: [1] x  +  [ ]   ≥   [1] x  +  [ ]

Relatively top-terminating rules:
  ce -> cb
  cf -> caa

Remaining strict rules:
  cg |-> cab
CNF: 63 variables, 211 clauses (0.001 s)
SAT (Attempt 1, 0.001 s)

Matrix: dimension 1, input width 2, result width 2
[a]: [ ] x  +  [ ]

[b]: [ ] x  +  [1]

[c]: [1] x  +  [ ]

[d]: [ ] x  +  [ ]

[e]: [ ] x  +  [ ]

[f]: [ ] x  +  [ ]

[g]: [ ] x  +  [1]

[ad] ≥ [d]:   [ ] x  +  [ ]   ≥   [ ] x  +  [ ]

[bd] ≥ [gd]:  [ ] x  +  [1]   ≥   [ ] x  +  [1]

[ae] ≥ [ea]:  [ ] x  +  [ ]   ≥   [ ] x  +  [ ]

[af] ≥ [eb]:  [ ] x  +  [ ]   ≥   [ ] x  +  [ ]

[be] > [fb]:  [ ] x  +  [1]   >   [ ] x  +  [ ]

[bf] ≥ [ga]:  [ ] x  +  [1]   ≥   [ ] x  +  [1]

[bg] ≥ [gb]:  [ ] x  +  [1]   ≥   [ ] x  +  [1]

[cg] > [cab]: [ ] x  +  [1]   >   [ ] x  +  [ ]

Relatively top-terminating rules:
  cg -> cab

QED
