Rewriting system (reversed):
  da |-> d
  dba |-> daf
  ea ->= ae
  fa ->= be
  ga ->= af
  eb ->= bf
  fb ->= ag
  gb ->= bg
  ec ->= bc
  fc ->= aac
  gc ->= bac
CNF: 6386 variables, 44207 clauses (0.097 s)
Timeout: None
Workers: 4
SAT (Attempt 1, 5.411 s)

Natural: dimension 3, input width 5, result width 5
[a]: /1   1\       / \
     |  1  | x  +  | |
     \1    /       \1/

[b]: /1   1\       / \
     |1    | x  +  |1|
     \1    /       \2/

[c]: /     \       / \
     |     | x  +  | |
     \     /       \1/

[d]: /  1  \       / \
     |     | x  +  | |
     \     /       \ /

[e]: /2   1\       / \
     |2    | x  +  |2|
     \1   1/       \1/

[f]: /2   1\       /1\
     |1   1| x  +  | |
     \1   1/       \1/

[g]: /2   1\       /1\
     |2    | x  +  |2|
     \1   1/       \2/

[da]  >= [d]:    /  1  \       / \         /  1  \       / \
                 |     | x  +  | |    >=   |     | x  +  | |
                 \     /       \ /         \     /       \ /

[dba]  >  [daf]: /1   1\       /1\         /1   1\       / \
                 |     | x  +  | |    >    |     | x  +  | |
                 \     /       \ /         \     /       \ /

[ea]  >= [ae]:   /3   2\       /1\         /3   2\       /1\
                 |2   2| x  +  |2|    >=   |2    | x  +  |2|
                 \2   1/       \2/         \2   1/       \1/

[fa]  >  [be]:   /3   2\       /2\         /3   2\       /1\
                 |2   1| x  +  |1|    >    |2   1| x  +  |1|
                 \2   1/       \2/         \2   1/       \2/

[ga]  >= [af]:   /3   2\       /2\         /3   2\       /2\
                 |2   2| x  +  |2|    >=   |1   1| x  +  | |
                 \2   1/       \3/         \2   1/       \2/

[eb]  >= [bf]:   /3   2\       /2\         /3   2\       /2\
                 |2   2| x  +  |2|    >=   |2   1| x  +  |2|
                 \2   1/       \3/         \2   1/       \3/

[fb]  >= [ag]:   /3   2\       /3\         /3   2\       /3\
                 |2   1| x  +  |2|    >=   |2    | x  +  |2|
                 \2   1/       \3/         \2   1/       \2/

[gb]  >= [bg]:   /3   2\       /3\         /3   2\       /3\
                 |2   2| x  +  |2|    >=   |2   1| x  +  |2|
                 \2   1/       \4/         \2   1/       \3/

[ec]  >= [bc]:   /     \       /1\         /     \       /1\
                 |     | x  +  |2|    >=   |     | x  +  |1|
                 \     /       \2/         \     /       \2/

[fc]  >= [aac]:  /     \       /2\         /     \       /2\
                 |     | x  +  |1|    >=   |     | x  +  | |
                 \     /       \2/         \     /       \2/

[gc]  >= [bac]:  /     \       /2\         /     \       /2\
                 |     | x  +  |2|    >=   |     | x  +  |2|
                 \     /       \3/         \     /       \3/

Relatively top-terminating rules:
  dba -> daf

Remaining strict rules:
  da |-> d
CNF: 5629 variables, 38727 clauses (0.101 s)
Timeout: None
Workers: 4
SAT (Attempt 1, 0.029 s)

Natural: dimension 3, input width 5, result width 5
[a]: /1    \       /1\
     |     | x  +  | |
     \     /       \ /

[b]: /1    \       / \
     |     | x  +  | |
     \     /       \ /

[c]: /     \       / \
     |     | x  +  | |
     \     /       \ /

[d]: /1    \       / \
     |     | x  +  | |
     \     /       \ /

[e]: /2    \       /2\
     |     | x  +  | |
     \     /       \ /

[f]: /2    \       /2\
     |     | x  +  | |
     \     /       \ /

[g]: /2    \       /1\
     |     | x  +  | |
     \     /       \ /

[da]  >  [d]:   /1    \       /1\         /1    \       / \
                |     | x  +  | |    >    |     | x  +  | |
                \     /       \ /         \     /       \ /

[ea]  >  [ae]:  /2    \       /4\         /2    \       /3\
                |     | x  +  | |    >    |     | x  +  | |
                \     /       \ /         \     /       \ /

[fa]  >  [be]:  /2    \       /4\         /2    \       /2\
                |     | x  +  | |    >    |     | x  +  | |
                \     /       \ /         \     /       \ /

[ga]  >= [af]:  /2    \       /3\         /2    \       /3\
                |     | x  +  | |    >=   |     | x  +  | |
                \     /       \ /         \     /       \ /

[eb]  >= [bf]:  /2    \       /2\         /2    \       /2\
                |     | x  +  | |    >=   |     | x  +  | |
                \     /       \ /         \     /       \ /

[fb]  >= [ag]:  /2    \       /2\         /2    \       /2\
                |     | x  +  | |    >=   |     | x  +  | |
                \     /       \ /         \     /       \ /

[gb]  >= [bg]:  /2    \       /1\         /2    \       /1\
                |     | x  +  | |    >=   |     | x  +  | |
                \     /       \ /         \     /       \ /

[ec]  >  [bc]:  /     \       /2\         /     \       / \
                |     | x  +  | |    >    |     | x  +  | |
                \     /       \ /         \     /       \ /

[fc]  >= [aac]: /     \       /2\         /     \       /2\
                |     | x  +  | |    >=   |     | x  +  | |
                \     /       \ /         \     /       \ /

[gc]  >= [bac]: /     \       /1\         /     \       /1\
                |     | x  +  | |    >=   |     | x  +  | |
                \     /       \ /         \     /       \ /

Relatively top-terminating rules:
  da -> d

QED
