Rewriting system (reversed):
  daa |-> de
  dab |-> d
  ea ->= ae
  fa ->= be
  ga ->= af
  eb ->= bf
  fb ->= ag
  gb ->= bg
  ec ->= bc
  fc ->= aac
  gc ->= bac
CNF: 2088 variables, 13928 clauses (0.032 s)
SAT (Attempt 1, 0.079 s)

Matrix: dimension 2, input width 5, result width 5
[a]: /1 1\       / \
     \1  / x  +  \1/

[b]: /1 1\       / \
     \1  / x  +  \2/

[c]: /   \       / \
     \   / x  +  \1/

[d]: /1  \       / \
     \   / x  +  \ /

[e]: /2 1\       / \
     \1 1/ x  +  \1/

[f]: /2 1\       /1\
     \1 1/ x  +  \1/

[g]: /2 1\       /1\
     \1 1/ x  +  \2/

[daa] > [de]: /2 1\       /1\       /2 1\       / \
              \   / x  +  \ /   >   \   / x  +  \ /

[dab] > [d]:  /2 1\       /2\       /1  \       / \
              \   / x  +  \ /   >   \   / x  +  \ /

[ea] ≥ [ae]:  /3 2\       /1\       /3 2\       /1\
              \2 1/ x  +  \2/   ≥   \2 1/ x  +  \1/

[fa] > [be]:  /3 2\       /2\       /3 2\       /1\
              \2 1/ x  +  \2/   >   \2 1/ x  +  \2/

[ga] ≥ [af]:  /3 2\       /2\       /3 2\       /2\
              \2 1/ x  +  \3/   ≥   \2 1/ x  +  \2/

[eb] ≥ [bf]:  /3 2\       /2\       /3 2\       /2\
              \2 1/ x  +  \3/   ≥   \2 1/ x  +  \3/

[fb] ≥ [ag]:  /3 2\       /3\       /3 2\       /3\
              \2 1/ x  +  \3/   ≥   \2 1/ x  +  \2/

[gb] ≥ [bg]:  /3 2\       /3\       /3 2\       /3\
              \2 1/ x  +  \4/   ≥   \2 1/ x  +  \3/

[ec] ≥ [bc]:  /   \       /1\       /   \       /1\
              \   / x  +  \2/   ≥   \   / x  +  \2/

[fc] ≥ [aac]: /   \       /2\       /   \       /2\
              \   / x  +  \2/   ≥   \   / x  +  \2/

[gc] ≥ [bac]: /   \       /2\       /   \       /2\
              \   / x  +  \3/   ≥   \   / x  +  \3/

Relatively top-terminating rules:
  daa -> de
  dab -> d

QED
