Rewriting system (reversed):
  daaa |-> daa
  daba |-> dba
  dabb |-> dbb
  db |-> dag
  ea ->= ae
  fa ->= be
  ga ->= af
  eb ->= bf
  fb ->= ag
  gb ->= bg
  ec ->= bc
  fc ->= aac
  gc ->= bac
CNF: 5926 variables, 36833 clauses (0.079 s)
SAT (Attempt 1, 0.025 s)

Matrix: dimension 3, input width 4, result width 4
[a]: /     \       / \
     |1    | x  +  |1|
     \     /       \ /

[b]: /     \       /1\
     |    1| x  +  | |
     \     /       \1/

[c]: /     \       / \
     |     | x  +  | |
     \     /       \1/

[d]: /  1 1\       / \
     |     | x  +  | |
     \     /       \ /

[e]: /     \       /1\
     |  1  | x  +  |1|
     \     /       \1/

[f]: /     \       /1\
     |  1  | x  +  |1|
     \     /       \1/

[g]: /    1\       / \
     |  2  | x  +  | |
     \    1/       \ /

[daaa] ≥ [daa]: /     \       /1\       /     \       /1\
                |     | x  +  | |   ≥   |     | x  +  | |
                \     /       \ /       \     /       \ /

[daba] > [dba]: /     \       /2\       /     \       /1\
                |     | x  +  | |   >   |     | x  +  | |
                \     /       \ /       \     /       \ /

[dabb] ≥ [dbb]: /     \       /2\       /     \       /2\
                |     | x  +  | |   ≥   |     | x  +  | |
                \     /       \ /       \     /       \ /

[db] ≥ [dag]:   /    1\       /1\       /    1\       /1\
                |     | x  +  | |   ≥   |     | x  +  | |
                \     /       \ /       \     /       \ /

[ea] > [ae]:    /     \       /1\       /     \       / \
                |1    | x  +  |2|   >   |     | x  +  |2|
                \     /       \1/       \     /       \ /

[fa] ≥ [be]:    /     \       /1\       /     \       /1\
                |1    | x  +  |2|   ≥   |     | x  +  |1|
                \     /       \1/       \     /       \1/

[ga] ≥ [af]:    /     \       / \       /     \       / \
                |2    | x  +  |2|   ≥   |     | x  +  |2|
                \     /       \ /       \     /       \ /

[eb] ≥ [bf]:    /     \       /1\       /     \       /1\
                |    1| x  +  |1|   ≥   |     | x  +  |1|
                \     /       \1/       \     /       \1/

[fb] > [ag]:    /     \       /1\       /     \       / \
                |    1| x  +  |1|   >   |    1| x  +  |1|
                \     /       \1/       \     /       \ /

[gb] ≥ [bg]:    /     \       /1\       /     \       /1\
                |    2| x  +  | |   ≥   |    1| x  +  | |
                \     /       \1/       \     /       \1/

[ec] ≥ [bc]:    /     \       /1\       /     \       /1\
                |     | x  +  |1|   ≥   |     | x  +  |1|
                \     /       \1/       \     /       \1/

[fc] > [aac]:   /     \       /1\       /     \       / \
                |     | x  +  |1|   >   |     | x  +  |1|
                \     /       \1/       \     /       \ /

[gc] ≥ [bac]:   /     \       /1\       /     \       /1\
                |     | x  +  | |   ≥   |     | x  +  | |
                \     /       \1/       \     /       \1/

Relatively top-terminating rules:
  daba -> dba

Remaining strict rules:
  daaa |-> daa
  dabb |-> dbb
  db |-> dag
CNF: 5547 variables, 34381 clauses (0.090 s)
SAT (Attempt 1, 0.028 s)

Matrix: dimension 3, input width 4, result width 4
[a]: /     \       / \
     |1    | x  +  | |
     \    1/       \1/

[b]: /1    \       /1\
     |1    | x  +  | |
     \    1/       \ /

[c]: /     \       /1\
     |     | x  +  | |
     \     /       \1/

[d]: /  1  \       / \
     |     | x  +  | |
     \     /       \ /

[e]: /    2\       /1\
     |    2| x  +  | |
     \    2/       \1/

[f]: /    2\       / \
     |1   2| x  +  | |
     \    2/       \1/

[g]: /1    \       / \
     |1   2| x  +  | |
     \    2/       \ /

[daaa] ≥ [daa]: /     \       / \       /     \       / \
                |     | x  +  | |   ≥   |     | x  +  | |
                \     /       \ /       \     /       \ /

[dabb] > [dbb]: /1    \       /2\       /1    \       /1\
                |     | x  +  | |   >   |     | x  +  | |
                \     /       \ /       \     /       \ /

[db] ≥ [dag]:   /1    \       / \       /1    \       / \
                |     | x  +  | |   ≥   |     | x  +  | |
                \     /       \ /       \     /       \ /

[ea] > [ae]:    /    2\       /3\       /     \       / \
                |    2| x  +  |2|   >   |    2| x  +  |1|
                \    2/       \3/       \    2/       \2/

[fa] ≥ [be]:    /    2\       /2\       /    2\       /2\
                |    2| x  +  |2|   ≥   |    2| x  +  |1|
                \    2/       \3/       \    2/       \1/

[ga] ≥ [af]:    /     \       / \       /     \       / \
                |    2| x  +  |2|   ≥   |    2| x  +  | |
                \    2/       \2/       \    2/       \2/

[eb] ≥ [bf]:    /    2\       /1\       /    2\       /1\
                |    2| x  +  | |   ≥   |    2| x  +  | |
                \    2/       \1/       \    2/       \1/

[fb] ≥ [ag]:    /    2\       / \       /     \       / \
                |1   2| x  +  |1|   ≥   |1    | x  +  | |
                \    2/       \1/       \    2/       \1/

[gb] ≥ [bg]:    /1    \       /1\       /1    \       /1\
                |1   2| x  +  |1|   ≥   |1    | x  +  | |
                \    2/       \ /       \    2/       \ /

[ec] > [bc]:    /     \       /3\       /     \       /2\
                |     | x  +  |2|   >   |     | x  +  |1|
                \     /       \3/       \     /       \1/

[fc] > [aac]:   /     \       /2\       /     \       / \
                |     | x  +  |3|   >   |     | x  +  | |
                \     /       \3/       \     /       \3/

[gc] ≥ [bac]:   /     \       /1\       /     \       /1\
                |     | x  +  |3|   ≥   |     | x  +  | |
                \     /       \2/       \     /       \2/

Relatively top-terminating rules:
  dabb -> dbb

Remaining strict rules:
  daaa |-> daa
  db |-> dag
CNF: 4979 variables, 30723 clauses (0.069 s)
SAT (Attempt 1, 0.014 s)

Matrix: dimension 3, input width 4, result width 4
[a]: /     \       / \
     |     | x  +  | |
     \     /       \ /

[b]: /     \       / \
     |     | x  +  |1|
     \     /       \ /

[c]: /     \       / \
     |     | x  +  |1|
     \     /       \ /

[d]: /  1  \       / \
     |     | x  +  | |
     \     /       \ /

[e]: /     \       / \
     |     | x  +  |1|
     \     /       \ /

[f]: /     \       / \
     |     | x  +  |1|
     \     /       \ /

[g]: /     \       / \
     |     | x  +  |1|
     \     /       \ /

[daaa] ≥ [daa]: /     \       / \       /     \       / \
                |     | x  +  | |   ≥   |     | x  +  | |
                \     /       \ /       \     /       \ /

[db] > [dag]:   /     \       /1\       /     \       / \
                |     | x  +  | |   >   |     | x  +  | |
                \     /       \ /       \     /       \ /

[ea] ≥ [ae]:    /     \       / \       /     \       / \
                |     | x  +  |1|   ≥   |     | x  +  | |
                \     /       \ /       \     /       \ /

[fa] ≥ [be]:    /     \       / \       /     \       / \
                |     | x  +  |1|   ≥   |     | x  +  |1|
                \     /       \ /       \     /       \ /

[ga] ≥ [af]:    /     \       / \       /     \       / \
                |     | x  +  |1|   ≥   |     | x  +  | |
                \     /       \ /       \     /       \ /

[eb] ≥ [bf]:    /     \       / \       /     \       / \
                |     | x  +  |1|   ≥   |     | x  +  |1|
                \     /       \ /       \     /       \ /

[fb] ≥ [ag]:    /     \       / \       /     \       / \
                |     | x  +  |1|   ≥   |     | x  +  | |
                \     /       \ /       \     /       \ /

[gb] ≥ [bg]:    /     \       / \       /     \       / \
                |     | x  +  |1|   ≥   |     | x  +  |1|
                \     /       \ /       \     /       \ /

[ec] ≥ [bc]:    /     \       / \       /     \       / \
                |     | x  +  |1|   ≥   |     | x  +  |1|
                \     /       \ /       \     /       \ /

[fc] ≥ [aac]:   /     \       / \       /     \       / \
                |     | x  +  |1|   ≥   |     | x  +  | |
                \     /       \ /       \     /       \ /

[gc] ≥ [bac]:   /     \       / \       /     \       / \
                |     | x  +  |1|   ≥   |     | x  +  |1|
                \     /       \ /       \     /       \ /

Relatively top-terminating rules:
  db -> dag

Remaining strict rules:
  daaa |-> daa
CNF: 4600 variables, 28271 clauses (0.075 s)
SAT (Attempt 1, 0.016 s)

Matrix: dimension 3, input width 4, result width 4
[a]: /     \       / \
     |  1  | x  +  |1|
     \     /       \ /

[b]: /     \       / \
     |  1  | x  +  |1|
     \     /       \ /

[c]: /     \       / \
     |     | x  +  |1|
     \     /       \ /

[d]: /  1  \       / \
     |     | x  +  | |
     \     /       \ /

[e]: /     \       / \
     |  3  | x  +  | |
     \     /       \ /

[f]: /     \       / \
     |  3  | x  +  | |
     \     /       \ /

[g]: /     \       / \
     |  3  | x  +  | |
     \     /       \ /

[daaa] > [daa]: /  1  \       /3\       /  1  \       /2\
                |     | x  +  | |   >   |     | x  +  | |
                \     /       \ /       \     /       \ /

[ea] ≥ [ae]:    /     \       / \       /     \       / \
                |  3  | x  +  |3|   ≥   |  3  | x  +  |1|
                \     /       \ /       \     /       \ /

[fa] ≥ [be]:    /     \       / \       /     \       / \
                |  3  | x  +  |3|   ≥   |  3  | x  +  |1|
                \     /       \ /       \     /       \ /

[ga] ≥ [af]:    /     \       / \       /     \       / \
                |  3  | x  +  |3|   ≥   |  3  | x  +  |1|
                \     /       \ /       \     /       \ /

[eb] ≥ [bf]:    /     \       / \       /     \       / \
                |  3  | x  +  |3|   ≥   |  3  | x  +  |1|
                \     /       \ /       \     /       \ /

[fb] ≥ [ag]:    /     \       / \       /     \       / \
                |  3  | x  +  |3|   ≥   |  3  | x  +  |1|
                \     /       \ /       \     /       \ /

[gb] ≥ [bg]:    /     \       / \       /     \       / \
                |  3  | x  +  |3|   ≥   |  3  | x  +  |1|
                \     /       \ /       \     /       \ /

[ec] ≥ [bc]:    /     \       / \       /     \       / \
                |     | x  +  |3|   ≥   |     | x  +  |2|
                \     /       \ /       \     /       \ /

[fc] ≥ [aac]:   /     \       / \       /     \       / \
                |     | x  +  |3|   ≥   |     | x  +  |3|
                \     /       \ /       \     /       \ /

[gc] ≥ [bac]:   /     \       / \       /     \       / \
                |     | x  +  |3|   ≥   |     | x  +  |3|
                \     /       \ /       \     /       \ /

Relatively top-terminating rules:
  daaa -> daa

QED
