Rewriting system:
  ad ->= d
  bd ->= gd
  ae ->= ea
  af ->= eb
  ag ->= fa
  be ->= fb
  bf ->= ga
  bg ->= gb
  ce |-> cb
  cg |-> cab
CNF: 2690 variables, 14191 clauses (0.029 s)
Timeout: None
Workers: 4
SAT (Attempt 1, 0.009 s)

Natural: dimension 3, input width 3, result width 3
[a]: /     \       /1\
     |2   1| x  +  | |
     \     /       \1/

[b]: /     \       / \
     |    1| x  +  | |
     \1    /       \ /

[c]: /  1  \       / \
     |     | x  +  | |
     \     /       \ /

[d]: /     \       / \
     |     | x  +  | |
     \     /       \ /

[e]: /     \       /1\
     |    1| x  +  |1|
     \     /       \ /

[f]: /1    \       / \
     |     | x  +  | |
     \     /       \1/

[g]: /     \       / \
     |1    | x  +  | |
     \     /       \ /

[ad]  >  [d]:   /     \       /1\         /     \       / \
                |     | x  +  | |    >    |     | x  +  | |
                \     /       \1/         \     /       \ /

[bd]  >= [gd]:  /     \       / \         /     \       / \
                |     | x  +  | |    >=   |     | x  +  | |
                \     /       \ /         \     /       \ /

[ae]  >= [ea]:  /     \       /1\         /     \       /1\
                |     | x  +  |2|    >=   |     | x  +  |2|
                \     /       \1/         \     /       \ /

[af]  >= [eb]:  /     \       /1\         /     \       /1\
                |2    | x  +  |1|    >=   |1    | x  +  |1|
                \     /       \1/         \     /       \ /

[ag]  >= [fa]:  /     \       /1\         /     \       /1\
                |     | x  +  | |    >=   |     | x  +  | |
                \     /       \1/         \     /       \1/

[be]  >= [fb]:  /     \       / \         /     \       / \
                |     | x  +  | |    >=   |     | x  +  | |
                \     /       \1/         \     /       \1/

[bf]  >= [ga]:  /     \       / \         /     \       / \
                |     | x  +  |1|    >=   |     | x  +  |1|
                \1    /       \ /         \     /       \ /

[bg]  >= [gb]:  /     \       / \         /     \       / \
                |     | x  +  | |    >=   |     | x  +  | |
                \     /       \ /         \     /       \ /

[ce]  >  [cb]:  /    1\       /1\         /    1\       / \
                |     | x  +  | |    >    |     | x  +  | |
                \     /       \ /         \     /       \ /

[cg]  >= [cab]: /1    \       / \         /1    \       / \
                |     | x  +  | |    >=   |     | x  +  | |
                \     /       \ /         \     /       \ /

Relatively top-terminating rules:
  ce -> cb

Remaining strict rules:
  cg |-> cab
CNF: 2437 variables, 12778 clauses (0.028 s)
Timeout: None
Workers: 4
SAT (Attempt 1, 0.006 s)

Natural: dimension 3, input width 3, result width 3
[a]: /     \       / \
     |     | x  +  | |
     \     /       \ /

[b]: /     \       / \
     |     | x  +  | |
     \     /       \1/

[c]: /    1\       / \
     |     | x  +  | |
     \     /       \ /

[d]: /     \       / \
     |     | x  +  | |
     \     /       \ /

[e]: /     \       / \
     |     | x  +  | |
     \     /       \ /

[f]: /     \       / \
     |     | x  +  | |
     \     /       \ /

[g]: /     \       / \
     |     | x  +  | |
     \     /       \1/

[ad]  >= [d]:   /     \       / \         /     \       / \
                |     | x  +  | |    >=   |     | x  +  | |
                \     /       \ /         \     /       \ /

[bd]  >= [gd]:  /     \       / \         /     \       / \
                |     | x  +  | |    >=   |     | x  +  | |
                \     /       \1/         \     /       \1/

[ae]  >= [ea]:  /     \       / \         /     \       / \
                |     | x  +  | |    >=   |     | x  +  | |
                \     /       \ /         \     /       \ /

[af]  >= [eb]:  /     \       / \         /     \       / \
                |     | x  +  | |    >=   |     | x  +  | |
                \     /       \ /         \     /       \ /

[ag]  >= [fa]:  /     \       / \         /     \       / \
                |     | x  +  | |    >=   |     | x  +  | |
                \     /       \ /         \     /       \ /

[be]  >= [fb]:  /     \       / \         /     \       / \
                |     | x  +  | |    >=   |     | x  +  | |
                \     /       \1/         \     /       \ /

[bf]  >= [ga]:  /     \       / \         /     \       / \
                |     | x  +  | |    >=   |     | x  +  | |
                \     /       \1/         \     /       \1/

[bg]  >= [gb]:  /     \       / \         /     \       / \
                |     | x  +  | |    >=   |     | x  +  | |
                \     /       \1/         \     /       \1/

[cg]  >  [cab]: /     \       /1\         /     \       / \
                |     | x  +  | |    >    |     | x  +  | |
                \     /       \ /         \     /       \ /

Relatively top-terminating rules:
  cg -> cab

QED
