Rewriting system:
  bd ->= gd
  ae ->= ea
  af ->= eb
  ag ->= fa
  be ->= fb
  bf ->= ga
  bg ->= gb
  ce |-> cb
  cf |-> caa
  cg |-> cab
CNF: 4224 variables, 25867 clauses (0.054 s)
Timeout: None
Workers: 4
SAT (Attempt 1, 3.398 s)

Natural: dimension 3, input width 4, result width 4
[a]: /1 1  \       / \
     |  1  | x  +  | |
     \     /       \ /

[b]: /1   1\       / \
     |  1  | x  +  | |
     \    1/       \ /

[c]: /1 1 1\       / \
     |     | x  +  | |
     \     /       \ /

[d]: /     \       / \
     |     | x  +  | |
     \     /       \1/

[e]: /1 1 1\       /1\
     |  2 2| x  +  | |
     \     /       \ /

[f]: /1 1  \       /1\
     |  2 2| x  +  | |
     \     /       \ /

[g]: /1    \       /1\
     |  2  | x  +  | |
     \    1/       \ /

[bd]  >= [gd]:  /     \       /1\         /     \       /1\
                |     | x  +  | |    >=   |     | x  +  | |
                \     /       \1/         \     /       \1/

[ae]  >= [ea]:  /1 3 3\       /1\         /1 2  \       /1\
                |  2 2| x  +  | |    >=   |  2  | x  +  | |
                \     /       \ /         \     /       \ /

[af]  >= [eb]:  /1 3 2\       /1\         /1 1 2\       /1\
                |  2 2| x  +  | |    >=   |  2 2| x  +  | |
                \     /       \ /         \     /       \ /

[ag]  >= [fa]:  /1 2  \       /1\         /1 2  \       /1\
                |  2  | x  +  | |    >=   |  2  | x  +  | |
                \     /       \ /         \     /       \ /

[be]  >= [fb]:  /1 1 1\       /1\         /1 1 1\       /1\
                |  2 2| x  +  | |    >=   |  2 2| x  +  | |
                \     /       \ /         \     /       \ /

[bf]  >= [ga]:  /1 1  \       /1\         /1 1  \       /1\
                |  2 2| x  +  | |    >=   |  2  | x  +  | |
                \     /       \ /         \     /       \ /

[bg]  >= [gb]:  /1   1\       /1\         /1   1\       /1\
                |  2  | x  +  | |    >=   |  2  | x  +  | |
                \    1/       \ /         \    1/       \ /

[ce]  >  [cb]:  /1 3 3\       /1\         /1 1 2\       / \
                |     | x  +  | |    >    |     | x  +  | |
                \     /       \ /         \     /       \ /

[cf]  >  [caa]: /1 3 2\       /1\         /1 3  \       / \
                |     | x  +  | |    >    |     | x  +  | |
                \     /       \ /         \     /       \ /

[cg]  >  [cab]: /1 2 1\       /1\         /1 2 1\       / \
                |     | x  +  | |    >    |     | x  +  | |
                \     /       \ /         \     /       \ /

Relatively top-terminating rules:
  ce -> cb
  cf -> caa
  cg -> cab

QED
