Rewriting system (reversed):
  da |-> d
  dbba |-> dbaf
  dbbb |-> dbbg
  ea ->= ae
  fa ->= be
  ga ->= af
  eb ->= bf
  fb ->= ag
  gb ->= bg
  ec ->= bc
  fc ->= aac
  gc ->= bac
CNF: 1809 variables, 10841 clauses (0.023 s)
SAT (Attempt 1, 0.010 s)

Matrix: dimension 2, input width 4, result width 4
[a]: /   \       / \
     \1 1/ x  +  \1/

[b]: /1 1\       / \
     \   / x  +  \ /

[c]: /   \       / \
     \   / x  +  \ /

[d]: /  1\       / \
     \   / x  +  \ /

[e]: /3  \       /2\
     \  3/ x  +  \ /

[f]: /  3\       / \
     \3  / x  +  \2/

[g]: /3  \       /1\
     \  3/ x  +  \ /

[da] > [d]:      /1 1\       /1\       /  1\       / \
                 \   / x  +  \ /   >   \   / x  +  \ /

[dbba] ≥ [dbaf]: /   \       / \       /   \       / \
                 \   / x  +  \ /   ≥   \   / x  +  \ /

[dbbb] ≥ [dbbg]: /   \       / \       /   \       / \
                 \   / x  +  \ /   ≥   \   / x  +  \ /

[ea] > [ae]:     /   \       /2\       /   \       / \
                 \3 3/ x  +  \3/   >   \3 3/ x  +  \3/

[fa] > [be]:     /3 3\       /3\       /3 3\       /2\
                 \   / x  +  \2/   >   \   / x  +  \ /

[ga] > [af]:     /   \       /1\       /   \       / \
                 \3 3/ x  +  \3/   >   \3 3/ x  +  \3/

[eb] ≥ [bf]:     /3 3\       /2\       /3 3\       /2\
                 \   / x  +  \ /   ≥   \   / x  +  \ /

[fb] ≥ [ag]:     /   \       / \       /   \       / \
                 \3 3/ x  +  \2/   ≥   \3 3/ x  +  \2/

[gb] ≥ [bg]:     /3 3\       /1\       /3 3\       /1\
                 \   / x  +  \ /   ≥   \   / x  +  \ /

[ec] > [bc]:     /   \       /2\       /   \       / \
                 \   / x  +  \ /   >   \   / x  +  \ /

[fc] ≥ [aac]:    /   \       / \       /   \       / \
                 \   / x  +  \2/   ≥   \   / x  +  \2/

[gc] ≥ [bac]:    /   \       /1\       /   \       /1\
                 \   / x  +  \ /   ≥   \   / x  +  \ /

Relatively top-terminating rules:
  da -> d

Remaining strict rules:
  dbba |-> dbaf
  dbbb |-> dbbg
CNF: 1748 variables, 10443 clauses (0.023 s)
SAT (Attempt 1, 0.006 s)

Matrix: dimension 2, input width 4, result width 4
[a]: /   \       / \
     \   / x  +  \ /

[b]: /   \       /1\
     \1  / x  +  \ /

[c]: /   \       / \
     \   / x  +  \ /

[d]: /  1\       / \
     \   / x  +  \ /

[e]: /   \       /1\
     \1  / x  +  \ /

[f]: /   \       /1\
     \   / x  +  \1/

[g]: /   \       /1\
     \1  / x  +  \ /

[dbba] > [dbaf]: /   \       /1\       /   \       / \
                 \   / x  +  \ /   >   \   / x  +  \ /

[dbbb] ≥ [dbbg]: /   \       /1\       /   \       /1\
                 \   / x  +  \ /   ≥   \   / x  +  \ /

[ea] > [ae]:     /   \       /1\       /   \       / \
                 \   / x  +  \ /   >   \   / x  +  \ /

[fa] ≥ [be]:     /   \       /1\       /   \       /1\
                 \   / x  +  \1/   ≥   \   / x  +  \1/

[ga] > [af]:     /   \       /1\       /   \       / \
                 \   / x  +  \ /   >   \   / x  +  \ /

[eb] ≥ [bf]:     /   \       /1\       /   \       /1\
                 \   / x  +  \1/   ≥   \   / x  +  \1/

[fb] > [ag]:     /   \       /1\       /   \       / \
                 \   / x  +  \1/   >   \   / x  +  \ /

[gb] ≥ [bg]:     /   \       /1\       /   \       /1\
                 \   / x  +  \1/   ≥   \   / x  +  \1/

[ec] ≥ [bc]:     /   \       /1\       /   \       /1\
                 \   / x  +  \ /   ≥   \   / x  +  \ /

[fc] > [aac]:    /   \       /1\       /   \       / \
                 \   / x  +  \1/   >   \   / x  +  \ /

[gc] ≥ [bac]:    /   \       /1\       /   \       /1\
                 \   / x  +  \ /   ≥   \   / x  +  \ /

Relatively top-terminating rules:
  dbba -> dbaf

Remaining strict rules:
  dbbb |-> dbbg
CNF: 1567 variables, 9293 clauses (0.028 s)
SAT (Attempt 1, 0.010 s)

Matrix: dimension 2, input width 4, result width 4
[a]: /1  \       /1\
     \   / x  +  \ /

[b]: /1  \       /1\
     \  1/ x  +  \1/

[c]: /   \       / \
     \   / x  +  \1/

[d]: /  1\       / \
     \   / x  +  \ /

[e]: /1  \       /2\
     \1  / x  +  \2/

[f]: /1  \       /2\
     \1  / x  +  \2/

[g]: /1  \       /2\
     \  1/ x  +  \ /

[dbbb] > [dbbg]: /  1\       /3\       /  1\       /2\
                 \   / x  +  \ /   >   \   / x  +  \ /

[ea] ≥ [ae]:     /1  \       /3\       /1  \       /3\
                 \1  / x  +  \3/   ≥   \   / x  +  \ /

[fa] ≥ [be]:     /1  \       /3\       /1  \       /3\
                 \1  / x  +  \3/   ≥   \1  / x  +  \3/

[ga] ≥ [af]:     /1  \       /3\       /1  \       /3\
                 \   / x  +  \ /   ≥   \   / x  +  \ /

[eb] ≥ [bf]:     /1  \       /3\       /1  \       /3\
                 \1  / x  +  \3/   ≥   \1  / x  +  \3/

[fb] ≥ [ag]:     /1  \       /3\       /1  \       /3\
                 \1  / x  +  \3/   ≥   \   / x  +  \ /

[gb] ≥ [bg]:     /1  \       /3\       /1  \       /3\
                 \  1/ x  +  \1/   ≥   \  1/ x  +  \1/

[ec] > [bc]:     /   \       /2\       /   \       /1\
                 \   / x  +  \2/   >   \   / x  +  \2/

[fc] ≥ [aac]:    /   \       /2\       /   \       /2\
                 \   / x  +  \2/   ≥   \   / x  +  \ /

[gc] ≥ [bac]:    /   \       /2\       /   \       /2\
                 \   / x  +  \1/   ≥   \   / x  +  \1/

Relatively top-terminating rules:
  dbbb -> dbbg

QED
