Rewriting system:
  ad ->= d
  bd ->= gd
  ae ->= ea
  af ->= eb
  ag ->= fa
  be ->= fb
  bf ->= ga
  bg ->= gb
  ce |-> cb
  cf |-> caa
CNF: 6042 variables, 22388 clauses (0.048 s)
SAT (Attempt 1, 2.671 s)

Arctic: dimension 4, input width 3, result width 3
[a]: /      0\       /0\
     |      0|       | |
     |0   0  | x  +  | |
     \  0 0  /       \0/

[b]: /    0  \       /0\
     |       |       | |
     |       | x  +  | |
     \0     0/       \1/

[c]: /0 1    \       / \
     |       |       | |
     |       | x  +  | |
     \       /       \ /

[d]: /0      \       / \
     |       |       | |
     |0      | x  +  | |
     \0      /       \ /

[e]: /       \       /0\
     |    0  |       |0|
     |0 0 0 0| x  +  |1|
     \0   0  /       \0/

[f]: /0 0 0 0\       /1\
     |  0 0  |       | |
     |       | x  +  | |
     \       /       \0/

[g]: /       \       /0\
     |       |       | |
     |       | x  +  | |
     \0 0 0 0/       \1/

[ad] ≥ [d]:   /0      \       /0\       /0      \       / \
              |0      |       | |       |       |       | |
              |0      | x  +  | |   ≥   |0      | x  +  | |
              \0      /       \0/       \0      /       \ /

[bd] ≥ [gd]:  /0      \       /0\       /       \       /0\
              |       |       | |       |       |       | |
              |       | x  +  | |   ≥   |       | x  +  | |
              \0      /       \1/       \0      /       \1/

[ae] ≥ [ea]:  /0   0  \       /0\       /       \       /0\
              |0   0  |       |0|       |0   0  |       |0|
              |0 0 0 0| x  +  |1|   ≥   |0 0 0 0| x  +  |1|
              \0 0 0 0/       \1/       \0   0 0/       \0/

[af] ≥ [eb]:  /       \       /0\       /       \       /0\
              |       |       |0|       |       |       |0|
              |0 0 0 0| x  +  |1|   ≥   |0   0 0| x  +  |1|
              \  0 0  /       \0/       \    0  /       \0/

[ag] ≥ [fa]:  /0 0 0 0\       /1\       /0 0 0 0\       /1\
              |0 0 0 0|       |1|       |0   0 0|       | |
              |       | x  +  |0|   ≥   |       | x  +  | |
              \       /       \0/       \       /       \0/

[be] ≥ [fb]:  /0 0 0 0\       /1\       /0   0 0\       /1\
              |       |       | |       |       |       | |
              |       | x  +  | |   ≥   |       | x  +  | |
              \0   0  /       \1/       \       /       \0/

[bf] ≥ [ga]:  /       \       /0\       /       \       /0\
              |       |       | |       |       |       | |
              |       | x  +  | |   ≥   |       | x  +  | |
              \0 0 0 0/       \1/       \0 0 0 0/       \1/

[bg] ≥ [gb]:  /       \       /0\       /       \       /0\
              |       |       | |       |       |       | |
              |       | x  +  | |   ≥   |       | x  +  | |
              \0 0 0 0/       \1/       \0   0 0/       \1/

[ce] > [cb]:  /    1  \       /1\       /    0  \       /0\
              |       |       | |       |       |       | |
              |       | x  +  | |   >   |       | x  +  | |
              \       /       \ /       \       /       \ /

[cf] ≥ [caa]: /0 1 1 0\       /1\       /  1 1  \       /1\
              |       |       | |       |       |       | |
              |       | x  +  | |   ≥   |       | x  +  | |
              \       /       \ /       \       /       \ /

Relatively top-terminating rules:
  ce -> cb

Remaining strict rules:
  cf |-> caa
CNF: 5465 variables, 20132 clauses (0.061 s)
SAT (Attempt 1, 0.013 s)

Arctic: dimension 4, input width 3, result width 3
[a]: /0      \       / \
     |       |       | |
     |       | x  +  |0|
     \  0    /       \ /

[b]: /       \       /0\
     |1     0|       | |
     |       | x  +  | |
     \    1  /       \ /

[c]: /0     0\       / \
     |       |       | |
     |       | x  +  | |
     \       /       \ /

[d]: /0      \       / \
     |       |       | |
     |       | x  +  | |
     \       /       \ /

[e]: /       \       /0\
     |       |       | |
     |       | x  +  |0|
     \       /       \ /

[f]: /       \       /0\
     |       |       | |
     |       | x  +  | |
     \1      /       \ /

[g]: /       \       /0\
     |1      |       | |
     |       | x  +  | |
     \       /       \ /

[ad] ≥ [d]:   /0      \       / \       /0      \       / \
              |       |       | |       |       |       | |
              |       | x  +  |0|   ≥   |       | x  +  | |
              \       /       \ /       \       /       \ /

[bd] ≥ [gd]:  /       \       /0\       /       \       /0\
              |1      |       | |       |1      |       | |
              |       | x  +  | |   ≥   |       | x  +  | |
              \       /       \ /       \       /       \ /

[ae] ≥ [ea]:  /       \       /0\       /       \       /0\
              |       |       | |       |       |       | |
              |       | x  +  |0|   ≥   |       | x  +  |0|
              \       /       \ /       \       /       \ /

[af] ≥ [eb]:  /       \       /0\       /       \       /0\
              |       |       | |       |       |       | |
              |       | x  +  |0|   ≥   |       | x  +  |0|
              \       /       \ /       \       /       \ /

[ag] ≥ [fa]:  /       \       /0\       /       \       /0\
              |       |       | |       |       |       | |
              |       | x  +  |0|   ≥   |       | x  +  | |
              \1      /       \ /       \1      /       \ /

[be] ≥ [fb]:  /       \       /0\       /       \       /0\
              |       |       |1|       |       |       | |
              |       | x  +  | |   ≥   |       | x  +  | |
              \       /       \1/       \       /       \1/

[bf] ≥ [ga]:  /       \       /0\       /       \       /0\
              |1      |       |1|       |1      |       | |
              |       | x  +  | |   ≥   |       | x  +  | |
              \       /       \ /       \       /       \ /

[bg] ≥ [gb]:  /       \       /0\       /       \       /0\
              |       |       |1|       |       |       |1|
              |       | x  +  | |   ≥   |       | x  +  | |
              \       /       \ /       \       /       \ /

[cf] > [caa]: /1      \       /0\       /0      \       / \
              |       |       | |       |       |       | |
              |       | x  +  | |   >   |       | x  +  | |
              \       /       \ /       \       /       \ /

Relatively top-terminating rules:
  cf -> caa

QED
