Rewriting system (reversed):
  dab |-> db
  db |-> dag
  ea ->= ae
  fa ->= be
  ga ->= af
  eb ->= bf
  fb ->= ag
  gb ->= bg
  ec ->= bc
  fc ->= aac
  gc ->= bac
CNF: 4788 variables, 29510 clauses (0.068 s)
SAT (Attempt 1, 0.078 s)

Matrix: dimension 3, input width 4, result width 4
[a]: /1    \       /1\
     |    2| x  +  | |
     \     /       \ /

[b]: /1    \       /1\
     |    1| x  +  | |
     \    1/       \1/

[c]: /     \       /1\
     |     | x  +  | |
     \     /       \1/

[d]: /  1 1\       / \
     |     | x  +  | |
     \     /       \ /

[e]: /3    \       / \
     |2    | x  +  | |
     \1    /       \1/

[f]: /3    \       / \
     |1   2| x  +  | |
     \1    /       \1/

[g]: /3    \       / \
     |2   1| x  +  | |
     \    1/       \ /

[dab] > [db]: /    2\       /2\       /    2\       /1\
              |     | x  +  | |   >   |     | x  +  | |
              \     /       \ /       \     /       \ /

[db] > [dag]: /    2\       /1\       /    2\       / \
              |     | x  +  | |   >   |     | x  +  | |
              \     /       \ /       \     /       \ /

[ea] > [ae]:  /3    \       /3\       /3    \       /1\
              |2    | x  +  |2|   >   |2    | x  +  |2|
              \1    /       \2/       \     /       \ /

[fa] > [be]:  /3    \       /3\       /3    \       /1\
              |1    | x  +  |1|   >   |1    | x  +  |1|
              \1    /       \2/       \1    /       \2/

[ga] > [af]:  /3    \       /3\       /3    \       /1\
              |2    | x  +  |2|   >   |2    | x  +  |2|
              \     /       \ /       \     /       \ /

[eb] > [bf]:  /3    \       /3\       /3    \       /1\
              |2    | x  +  |2|   >   |1    | x  +  |1|
              \1    /       \2/       \1    /       \2/

[fb] > [ag]:  /3    \       /3\       /3    \       /1\
              |1   2| x  +  |3|   >   |    2| x  +  | |
              \1    /       \2/       \     /       \ /

[gb] > [bg]:  /3    \       /3\       /3    \       /1\
              |2   1| x  +  |3|   >   |    1| x  +  | |
              \    1/       \1/       \    1/       \1/

[ec] > [bc]:  /     \       /3\       /     \       /2\
              |     | x  +  |2|   >   |     | x  +  |1|
              \     /       \2/       \     /       \2/

[fc] ≥ [aac]: /     \       /3\       /     \       /3\
              |     | x  +  |3|   ≥   |     | x  +  | |
              \     /       \2/       \     /       \ /

[gc] ≥ [bac]: /     \       /3\       /     \       /3\
              |     | x  +  |3|   ≥   |     | x  +  | |
              \     /       \1/       \     /       \1/

Relatively top-terminating rules:
  dab -> db
  db -> dag

QED
