Rewriting system:
  ad ->= d
  bd ->= gd
  ae ->= ea
  af ->= eb
  ag ->= fa
  be ->= fb
  bf ->= ga
  bg ->= gb
  cf |-> caa
  cg |-> cab
CNF: 444 variables, 1745 clauses (0.005 s)
SAT (Attempt 1, 0.002 s)

Matrix: dimension 2, input width 2, result width 2
[a]: /   \       / \
     \   / x  +  \ /

[b]: /   \       / \
     \   / x  +  \1/

[c]: /  1\       / \
     \   / x  +  \ /

[d]: /   \       / \
     \   / x  +  \ /

[e]: /   \       / \
     \   / x  +  \ /

[f]: /   \       / \
     \   / x  +  \ /

[g]: /   \       / \
     \   / x  +  \1/

[ad] ≥ [d]:   /   \       / \       /   \       / \
              \   / x  +  \ /   ≥   \   / x  +  \ /

[bd] ≥ [gd]:  /   \       / \       /   \       / \
              \   / x  +  \1/   ≥   \   / x  +  \1/

[ae] ≥ [ea]:  /   \       / \       /   \       / \
              \   / x  +  \ /   ≥   \   / x  +  \ /

[af] ≥ [eb]:  /   \       / \       /   \       / \
              \   / x  +  \ /   ≥   \   / x  +  \ /

[ag] ≥ [fa]:  /   \       / \       /   \       / \
              \   / x  +  \ /   ≥   \   / x  +  \ /

[be] ≥ [fb]:  /   \       / \       /   \       / \
              \   / x  +  \1/   ≥   \   / x  +  \ /

[bf] ≥ [ga]:  /   \       / \       /   \       / \
              \   / x  +  \1/   ≥   \   / x  +  \1/

[bg] ≥ [gb]:  /   \       / \       /   \       / \
              \   / x  +  \1/   ≥   \   / x  +  \1/

[cf] ≥ [caa]: /   \       / \       /   \       / \
              \   / x  +  \ /   ≥   \   / x  +  \ /

[cg] > [cab]: /   \       /1\       /   \       / \
              \   / x  +  \ /   >   \   / x  +  \ /

Relatively top-terminating rules:
  cg -> cab

Remaining strict rules:
  cf |-> caa
CNF: 403 variables, 1569 clauses (0.004 s)
SAT (Attempt 1, 0.002 s)

Matrix: dimension 2, input width 2, result width 2
[a]: /   \       / \
     \1  / x  +  \ /

[b]: /   \       /1\
     \   / x  +  \1/

[c]: /  1\       / \
     \   / x  +  \ /

[d]: /   \       / \
     \   / x  +  \ /

[e]: /   \       / \
     \   / x  +  \ /

[f]: /   \       / \
     \   / x  +  \1/

[g]: /   \       /1\
     \   / x  +  \ /

[ad] ≥ [d]:   /   \       / \       /   \       / \
              \   / x  +  \ /   ≥   \   / x  +  \ /

[bd] ≥ [gd]:  /   \       /1\       /   \       /1\
              \   / x  +  \1/   ≥   \   / x  +  \ /

[ae] ≥ [ea]:  /   \       / \       /   \       / \
              \   / x  +  \ /   ≥   \   / x  +  \ /

[af] ≥ [eb]:  /   \       / \       /   \       / \
              \   / x  +  \ /   ≥   \   / x  +  \ /

[ag] ≥ [fa]:  /   \       / \       /   \       / \
              \   / x  +  \1/   ≥   \   / x  +  \1/

[be] > [fb]:  /   \       /1\       /   \       / \
              \   / x  +  \1/   >   \   / x  +  \1/

[bf] ≥ [ga]:  /   \       /1\       /   \       /1\
              \   / x  +  \1/   ≥   \   / x  +  \ /

[bg] ≥ [gb]:  /   \       /1\       /   \       /1\
              \   / x  +  \1/   ≥   \   / x  +  \ /

[cf] > [caa]: /   \       /1\       /   \       / \
              \   / x  +  \ /   >   \   / x  +  \ /

Relatively top-terminating rules:
  cf -> caa

QED
