Rewriting system (reversed):
  df |-> d
  dae |-> de
  daf |-> df
  dbf |-> dgf
  dbg |-> dgg
  ea ->= ae
  fa ->= be
  ga ->= af
  eb ->= bf
  fb ->= ag
  gb ->= bg
  ec ->= bc
  fc ->= aac
  gc ->= bac
CNF: 61145 variables, 401782 clauses (0.872 s)
SAT (Attempt 1, 40.608 s)

Arctic: dimension 5, input width 8, result width 8
[a]: /2        \       /0\
     |        2|       |2|
     |         | x  +  | |
     |         |       | |
     \      1  /       \ /

[b]: /2 0      \       /0\
     |  2      |       |1|
     |         | x  +  | |
     |         |       | |
     \    2    /       \1/

[c]: /         \       /2\
     |         |       |3|
     |         | x  +  | |
     |         |       | |
     \         /       \ /

[d]: /        0\       /0\
     |         |       | |
     |         | x  +  | |
     |         |       | |
     \         /       \ /

[e]: /4        \       / \
     |3        |       | |
     |         | x  +  | |
     |2        |       |0|
     \2        /       \ /

[f]: /4        \       / \
     |3        |       | |
     |2        | x  +  | |
     |        1|       |1|
     \        1/       \1/

[g]: /4        \       / \
     |  1      |       | |
     |  0      | x  +  | |
     |         |       | |
     \  0      /       \ /

[df] > [d]:    /        1\       /1\       /        0\       /0\
               |         |       | |       |         |       | |
               |         | x  +  | |   >   |         | x  +  | |
               |         |       | |       |         |       | |
               \         /       \ /       \         /       \ /

[dae] > [de]:  /3        \       /1\       /2        \       /0\
               |         |       | |       |         |       | |
               |         | x  +  | |   >   |         | x  +  | |
               |         |       | |       |         |       | |
               \         /       \ /       \         /       \ /

[daf] > [df]:  /        2\       /2\       /        1\       /1\
               |         |       | |       |         |       | |
               |         | x  +  | |   >   |         | x  +  | |
               |         |       | |       |         |       | |
               \         /       \ /       \         /       \ /

[dbf] > [dgf]: /4        \       /1\       /3        \       /0\
               |         |       | |       |         |       | |
               |         | x  +  | |   >   |         | x  +  | |
               |         |       | |       |         |       | |
               \         /       \ /       \         /       \ /

[dbg] > [dgg]: /  2      \       /1\       /  1      \       /0\
               |         |       | |       |         |       | |
               |         | x  +  | |   >   |         | x  +  | |
               |         |       | |       |         |       | |
               \         /       \ /       \         /       \ /

[ea] ≥ [ae]:   /6        \       /4\       /6        \       /0\
               |5        |       |3|       |4        |       |2|
               |         | x  +  | |   ≥   |         | x  +  | |
               |4        |       |2|       |         |       | |
               \4        /       \2/       \3        /       \1/

[fa] ≥ [be]:   /6        \       /4\       /6        \       /0\
               |5        |       |3|       |5        |       |1|
               |4        | x  +  |2|   ≥   |         | x  +  | |
               |      2  |       |1|       |         |       | |
               \      2  /       \1/       \         /       \1/

[ga] ≥ [af]:   /6        \       /4\       /6        \       /0\
               |        3|       |3|       |        3|       |3|
               |        2| x  +  |2|   ≥   |         | x  +  | |
               |         |       | |       |         |       | |
               \        2/       \2/       \        2/       \2/

[eb] ≥ [bf]:   /6 4      \       /4\       /6        \       /0\
               |5 3      |       |3|       |5        |       |1|
               |         | x  +  | |   ≥   |         | x  +  | |
               |4 2      |       |2|       |         |       | |
               \4 2      /       \2/       \4        /       \1/

[fb] ≥ [ag]:   /6 4      \       /4\       /6        \       /0\
               |5 3      |       |3|       |  2      |       |2|
               |4 2      | x  +  |2|   ≥   |         | x  +  | |
               |    3    |       |2|       |         |       | |
               \    3    /       \2/       \         /       \ /

[gb] ≥ [bg]:   /6 4      \       /4\       /6 1      \       /0\
               |  3      |       |2|       |  3      |       |1|
               |  2      | x  +  |1|   ≥   |         | x  +  | |
               |         |       | |       |         |       | |
               \  2      /       \1/       \  2      /       \1/

[ec] ≥ [bc]:   /         \       /6\       /         \       /4\
               |         |       |5|       |         |       |5|
               |         | x  +  | |   ≥   |         | x  +  | |
               |         |       |4|       |         |       | |
               \         /       \4/       \         /       \1/

[fc] ≥ [aac]:  /         \       /6\       /         \       /6\
               |         |       |5|       |         |       |2|
               |         | x  +  |4|   ≥   |         | x  +  | |
               |         |       |1|       |         |       | |
               \         /       \1/       \         /       \ /

[gc] ≥ [bac]:  /         \       /6\       /         \       /6\
               |         |       |4|       |         |       |4|
               |         | x  +  |3|   ≥   |         | x  +  | |
               |         |       | |       |         |       | |
               \         /       \3/       \         /       \1/

Relatively top-terminating rules:
  df -> d
  dae -> de
  daf -> df
  dbf -> dgf
  dbg -> dgg

QED
